#
# A fatal error has been detected by the Java Runtime Environment:
#
#  EXCEPTION_ACCESS_VIOLATION (0xc0000005) at pc=0xffffffffa46a5120, pid=9812, tid=0x00000000000028e0
#
# JRE version: OpenJDK Runtime Environment (8.0_152-b01) (build 1.8.0_152-release-915-b01)
# Java VM: OpenJDK 64-Bit Server VM (25.152-b01 mixed mode windows-amd64 compressed oops)
# Problematic frame:
# C  0xffffffffa46a5120
#
# Failed to write core dump. Minidumps are not enabled by default on client versions of Windows
#
# If you would like to submit a bug report, please visit:
#   http://bugreport.java.com/bugreport/crash.jsp
#

---------------  T H R E A D  ---------------

Current thread (0x00000000592fc800):  JavaThread "Worker Daemon Execution" [_thread_in_Java, id=10464, stack(0x000000005fc30000,0x000000005fd30000)]

siginfo: ExceptionCode=0xc0000005, ExceptionInformation=0x0000000000000008 0xffffffffa46a5120

Registers:
RAX=0x0000000062e367e8, RBX=0x0000000062e367e8, RCX=0x0000000062e30948, RDX=0x00000000ec19f010
RSP=0x000000005fd2e028, RBP=0x000000005fd2e080, RSI=0x000000000000abe8, RDI=0x0000000000000238
R8 =0x00000000000000f0, R9 =0x00000000ec19f010, R10=0x000000005e5ea660, R11=0x00000000043f4440
R12=0x0000000000000000, R13=0x000000005fd2e038, R14=0x000000005fd2e160, R15=0x00000000592fc800
RIP=0xffffffffa46a5120, EFLAGS=0x0000000000010206

Top of Stack: (sp=0x000000005fd2e028)
0x000000005fd2e028:   00000000026a7850 00000000026a7850
0x000000005fd2e038:   00000000ec19f010 000000005fd2e040
0x000000005fd2e048:   0000000062e30139 000000005fd2e160
0x000000005fd2e058:   0000000062e30948 0000000000000000
0x000000005fd2e068:   0000000062e30318 000000005fd2e038
0x000000005fd2e078:   000000005fd2e140 000000005fd2e1a8
0x000000005fd2e088:   00000000026a8071 0000000000000000
0x000000005fd2e098:   0000000000000000 0000000000000000
0x000000005fd2e0a8:   0000000000000007 0000000000000000
0x000000005fd2e0b8:   0000000000000001 00000000000000ef
0x000000005fd2e0c8:   00000000000001df 0000000000000002
0x000000005fd2e0d8:   00000000000000ef 0000000000000000
0x000000005fd2e0e8:   00000000ec19f038 0000000000000002
0x000000005fd2e0f8:   00000000ec19f010 0000000000000285
0x000000005fd2e108:   000000000000001d 000000000000001d
0x000000005fd2e118:   00000000000000f0 00000000000000e8 

Instructions: (pc=0xffffffffa46a5120)
0xffffffffa46a5100:   
[error occurred during error reporting (printing registers, top of stack, instructions near pc), id 0xc0000005]

Register to memory mapping:

RAX={method} {0x0000000062e367f0} 'access$500' '(Lsun/java2d/pisces/Renderer$ScanlineIterator;)Z' in 'sun/java2d/pisces/Renderer$ScanlineIterator'
RBX={method} {0x0000000062e367f0} 'access$500' '(Lsun/java2d/pisces/Renderer$ScanlineIterator;)Z' in 'sun/java2d/pisces/Renderer$ScanlineIterator'
RCX=0x0000000062e30948 is pointing into metadata
RDX=0x00000000ec19f010 is an oop
sun.java2d.pisces.Renderer$ScanlineIterator 
 - klass: 'sun/java2d/pisces/Renderer$ScanlineIterator'
RSP=0x000000005fd2e028 is pointing into the stack for thread: 0x00000000592fc800
RBP=0x000000005fd2e080 is pointing into the stack for thread: 0x00000000592fc800
RSI=0x000000000000abe8 is an unknown value
RDI=0x0000000000000238 is an unknown value
R8 =0x00000000000000f0 is an unknown value
R9 =0x00000000ec19f010 is an oop
sun.java2d.pisces.Renderer$ScanlineIterator 
 - klass: 'sun/java2d/pisces/Renderer$ScanlineIterator'
R10=0x000000005e5ea660 is an unknown value
R11=0x00000000043f4440 is at entry_point+0 in (nmethod*)0x00000000043f42d0
R12=0x0000000000000000 is an unknown value
R13=0x000000005fd2e038 is pointing into the stack for thread: 0x00000000592fc800
R14=0x000000005fd2e160 is pointing into the stack for thread: 0x00000000592fc800
R15=0x00000000592fc800 is a thread


Stack: [0x000000005fc30000,0x000000005fd30000],  sp=0x000000005fd2e028,  free space=1016k
Native frames: (J=compiled Java code, j=interpreted, Vv=VM code, C=native code)
C  0xffffffffa46a5120


---------------  P R O C E S S  ---------------

Java Threads: ( => current thread )
  0x0000000057915800 JavaThread "Java2D Disposer" daemon [_thread_blocked, id=10644, stack(0x0000000062fe0000,0x00000000630e0000)]
  0x0000000057915000 JavaThread "pool-4-thread-1" [_thread_blocked, id=10468, stack(0x0000000062a80000,0x0000000062b80000)]
  0x0000000057914000 JavaThread "stdout" daemon [_thread_in_native, id=9180, stack(0x0000000062710000,0x0000000062810000)]
  0x0000000057913800 JavaThread "stderr" daemon [_thread_in_native, id=4840, stack(0x0000000062820000,0x0000000062920000)]
  0x0000000057912800 JavaThread "stdout" daemon [_thread_in_native, id=3224, stack(0x0000000062550000,0x0000000062650000)]
  0x0000000057912000 JavaThread "stderr" daemon [_thread_in_native, id=11216, stack(0x00000000620d0000,0x00000000621d0000)]
  0x0000000057911000 JavaThread "queued-resource-processor_6" daemon [_thread_blocked, id=10960, stack(0x00000000623e0000,0x00000000624e0000)]
  0x0000000059302000 JavaThread "queued-resource-processor_5" daemon [_thread_blocked, id=11100, stack(0x0000000062200000,0x0000000062300000)]
  0x0000000059301000 JavaThread "Worker Daemon Execution Thread 7" [_thread_blocked, id=4660, stack(0x0000000061d00000,0x0000000061e00000)]
  0x0000000059300800 JavaThread "Worker Daemon Execution Thread 6" [_thread_blocked, id=10460, stack(0x0000000061f80000,0x0000000062080000)]
  0x00000000592ff800 JavaThread "Worker Daemon Execution Thread 5" [_thread_blocked, id=10304, stack(0x00000000617d0000,0x00000000618d0000)]
  0x00000000592fe800 JavaThread "Worker Daemon Execution Thread 4" [_thread_blocked, id=10412, stack(0x0000000061e10000,0x0000000061f10000)]
  0x00000000592fe000 JavaThread "Worker Daemon Execution Thread 3" [_thread_blocked, id=7352, stack(0x00000000575d0000,0x00000000576d0000)]
  0x00000000592fd000 JavaThread "Worker Daemon Execution Thread 2" [_thread_in_native, id=10596, stack(0x0000000061640000,0x0000000061740000)]
=>0x00000000592fc800 JavaThread "Worker Daemon Execution" [_thread_in_Java, id=10464, stack(0x000000005fc30000,0x000000005fd30000)]
  0x00000000592fb800 JavaThread "Task worker for ':'" [_thread_blocked, id=6088, stack(0x000000005b860000,0x000000005b960000)]
  0x00000000592fb000 JavaThread "Cache worker for task history cache (C:\Projects\Minted\.gradle\4.1\taskHistory)" [_thread_blocked, id=8008, stack(0x000000005ea80000,0x000000005eb80000)]
  0x0000000057e00800 JavaThread "build operations Thread 2" [_thread_blocked, id=8608, stack(0x000000005dca0000,0x000000005dda0000)]
  0x0000000057dfe800 JavaThread "build operations" [_thread_blocked, id=10892, stack(0x000000005fa40000,0x000000005fb40000)]
  0x000000005b4b8800 JavaThread "Cache worker for Artifact transforms cache (C:\Users\Musaib\.gradle\caches\transforms-1)" [_thread_blocked, id=11192, stack(0x000000005db40000,0x000000005dc40000)]
  0x000000005b4b7000 JavaThread "Cache worker for file hash cache (C:\Projects\Minted\.gradle\4.1\fileHashes)" [_thread_blocked, id=7692, stack(0x000000005a470000,0x000000005a570000)]
  0x000000005b4b8000 JavaThread "Stdin handler" [_thread_blocked, id=7680, stack(0x000000005d9a0000,0x000000005daa0000)]
  0x000000005b4b6800 JavaThread "Asynchronous log dispatcher for DefaultDaemonConnection: socket connection from /127.0.0.1:2156 to /127.0.0.1:12409" [_thread_blocked, id=10864, stack(0x000000005a1b0000,0x000000005a2b0000)]
  0x000000005b4b5000 JavaThread "Daemon worker Thread 2" [_thread_in_native, id=9496, stack(0x000000005a090000,0x000000005a190000)]
  0x000000005b4b5800 JavaThread "Cancel handler" [_thread_blocked, id=10748, stack(0x0000000059650000,0x0000000059750000)]
  0x000000005b4b2000 JavaThread "Handler for socket connection from /127.0.0.1:2156 to /127.0.0.1:12409" [_thread_in_native, id=10752, stack(0x0000000059bf0000,0x0000000059cf0000)]
  0x000000005b4b4000 JavaThread "Daemon Thread 2" [_thread_blocked, id=11008, stack(0x0000000059f50000,0x000000005a050000)]
  0x000000005b4b3800 JavaThread "Memory manager" [_thread_blocked, id=8408, stack(0x000000005ef20000,0x000000005f020000)]
  0x000000005b4b2800 JavaThread "pool-1-thread-1" [_thread_blocked, id=2772, stack(0x000000005ebb0000,0x000000005ecb0000)]
  0x0000000058e31800 JavaThread "File lock request listener" [_thread_in_native, id=7576, stack(0x000000005a590000,0x000000005a690000)]
  0x0000000058b7d800 JavaThread "Cache worker for file hash cache (C:\Users\Musaib\.gradle\caches\4.1\fileHashes)" [_thread_blocked, id=9268, stack(0x000000005a2f0000,0x000000005a3f0000)]
  0x0000000057f69800 JavaThread "Daemon periodic checks" [_thread_blocked, id=6552, stack(0x0000000059a50000,0x0000000059b50000)]
  0x0000000057f5d800 JavaThread "Incoming local TCP Connector on port 2156" [_thread_in_native, id=7296, stack(0x0000000059920000,0x0000000059a20000)]
  0x000000005606a000 JavaThread "Service Thread" daemon [_thread_blocked, id=10072, stack(0x0000000057370000,0x0000000057470000)]
  0x000000005605d000 JavaThread "C1 CompilerThread1" daemon [_thread_blocked, id=4936, stack(0x00000000574d0000,0x00000000575d0000)]
  0x0000000056058000 JavaThread "C2 CompilerThread0" daemon [_thread_blocked, id=8232, stack(0x0000000057080000,0x0000000057180000)]
  0x0000000056057000 JavaThread "Attach Listener" daemon [_thread_blocked, id=5940, stack(0x0000000057220000,0x0000000057320000)]
  0x0000000056055800 JavaThread "Signal Dispatcher" daemon [_thread_blocked, id=8604, stack(0x0000000056f30000,0x0000000057030000)]
  0x000000005603e000 JavaThread "Finalizer" daemon [_thread_blocked, id=9984, stack(0x0000000056d60000,0x0000000056e60000)]
  0x0000000055ff5000 JavaThread "Reference Handler" daemon [_thread_blocked, id=9324, stack(0x0000000056940000,0x0000000056a40000)]
  0x000000000217e800 JavaThread "main" [_thread_blocked, id=8044, stack(0x00000000022d0000,0x00000000023d0000)]

Other Threads:
  0x0000000055fed000 VMThread [stack: 0x0000000056ab0000,0x0000000056bb0000] [id=7148]
  0x000000005606b800 WatcherThread [stack: 0x0000000057730000,0x0000000057830000] [id=4940]

VM state:not at safepoint (normal execution)

VM Mutex/Monitor currently owned by a thread: None

Heap:
 PSYoungGen      total 315392K, used 219575K [0x00000000e0000000, 0x00000000fb080000, 0x0000000100000000)
  eden space 289280K, 70% used [0x00000000e0000000,0x00000000ec78cd40,0x00000000f1a80000)
  from space 26112K, 58% used [0x00000000f1a80000,0x00000000f2960f38,0x00000000f3400000)
  to   space 26624K, 0% used [0x00000000f9680000,0x00000000f9680000,0x00000000fb080000)
 ParOldGen       total 87040K, used 47045K [0x00000000a0000000, 0x00000000a5500000, 0x00000000e0000000)
  object space 87040K, 54% used [0x00000000a0000000,0x00000000a2df1590,0x00000000a5500000)
 Metaspace       used 66394K, capacity 69620K, committed 69760K, reserved 1110016K
  class space    used 8749K, capacity 9558K, committed 9600K, reserved 1048576K

Card table byte_map: [0x0000000011a60000,0x0000000011d70000] byte_map_base: 0x0000000011560000

Marking Bits: (ParMarkBitMap*) 0x000000005e603950
 Begin Bits: [0x00000000123c0000, 0x0000000013bc0000)
 End Bits:   [0x0000000013bc0000, 0x00000000153c0000)

Polling page: 0x0000000000430000

CodeCache: size=245760Kb used=29731Kb max_used=30002Kb free=216028Kb
 bounds [0x00000000026a0000, 0x0000000004420000, 0x00000000116a0000]
 total_blobs=10369 nmethods=9465 adapters=817
 compilation: enabled

Compilation events (10 events):
Event: 1298.532 Thread 0x0000000056058000 11258 %     4       java.util.Arrays::fill @ 5 (21 bytes)
Event: 1298.533 Thread 0x000000005605d000 nmethod 11257 0x00000000043fe910 code [0x00000000043feaa0, 0x00000000043ff068]
Event: 1298.533 Thread 0x000000005605d000 11259       3       sun.java2d.pisces.PiscesCache::startRow (145 bytes)
Event: 1298.534 Thread 0x000000005605d000 nmethod 11259 0x00000000043ff310 code [0x00000000043ff480, 0x00000000043ff690]
Event: 1298.536 Thread 0x0000000056058000 nmethod 11258% 0x00000000043fa010 code [0x00000000043fa160, 0x00000000043fa2f8]
Event: 1298.543 Thread 0x000000005605d000 11261       3       sun.java2d.pisces.PiscesCache::minTouched (9 bytes)
Event: 1298.543 Thread 0x000000005605d000 nmethod 11261 0x0000000004400990 code [0x0000000004400b00, 0x0000000004400cb0]
Event: 1298.547 Thread 0x0000000056058000 11262       4       sun.java2d.pisces.Renderer$ScanlineIterator::access$500 (5 bytes)
Event: 1298.547 Thread 0x0000000056058000 nmethod 11262 0x0000000004400790 code [0x00000000044008c0, 0x0000000004400918]
Event: 1298.547 Thread 0x0000000056058000 11263       4       sun.java2d.pisces.Renderer$ScanlineIterator::access$600 (5 bytes)

GC Heap History (10 events):
Event: 27.228 GC heap before
{Heap before GC invocations=10 (full 2):
 PSYoungGen      total 216576K, used 9619K [0x00000000e0000000, 0x00000000f0500000, 0x0000000100000000)
  eden space 204288K, 0% used [0x00000000e0000000,0x00000000e0000000,0x00000000ec780000)
  from space 12288K, 78% used [0x00000000ed480000,0x00000000edde4e38,0x00000000ee080000)
  to   space 13312K, 0% used [0x00000000ec780000,0x00000000ec780000,0x00000000ed480000)
 ParOldGen       total 40448K, used 15881K [0x00000000a0000000, 0x00000000a2780000, 0x00000000e0000000)
  object space 40448K, 39% used [0x00000000a0000000,0x00000000a0f82610,0x00000000a2780000)
 Metaspace       used 34600K, capacity 35304K, committed 35416K, reserved 1079296K
  class space    used 4717K, capacity 5034K, committed 5120K, reserved 1048576K
Event: 27.840 GC heap after
Heap after GC invocations=10 (full 2):
 PSYoungGen      total 216576K, used 0K [0x00000000e0000000, 0x00000000f0500000, 0x0000000100000000)
  eden space 204288K, 0% used [0x00000000e0000000,0x00000000e0000000,0x00000000ec780000)
  from space 12288K, 0% used [0x00000000ed480000,0x00000000ed480000,0x00000000ee080000)
  to   space 13312K, 0% used [0x00000000ec780000,0x00000000ec780000,0x00000000ed480000)
 ParOldGen       total 45568K, used 15666K [0x00000000a0000000, 0x00000000a2c80000, 0x00000000e0000000)
  object space 45568K, 34% used [0x00000000a0000000,0x00000000a0f4c940,0x00000000a2c80000)
 Metaspace       used 34600K, capacity 35304K, committed 35416K, reserved 1079296K
  class space    used 4717K, capacity 5034K, committed 5120K, reserved 1048576K
}
Event: 37.032 GC heap before
{Heap before GC invocations=11 (full 2):
 PSYoungGen      total 216576K, used 204288K [0x00000000e0000000, 0x00000000f0500000, 0x0000000100000000)
  eden space 204288K, 100% used [0x00000000e0000000,0x00000000ec780000,0x00000000ec780000)
  from space 12288K, 0% used [0x00000000ed480000,0x00000000ed480000,0x00000000ee080000)
  to   space 13312K, 0% used [0x00000000ec780000,0x00000000ec780000,0x00000000ed480000)
 ParOldGen       total 45568K, used 15666K [0x00000000a0000000, 0x00000000a2c80000, 0x00000000e0000000)
  object space 45568K, 34% used [0x00000000a0000000,0x00000000a0f4c940,0x00000000a2c80000)
 Metaspace       used 50758K, capacity 52420K, committed 52736K, reserved 1095680K
  class space    used 6874K, capacity 7338K, committed 7424K, reserved 1048576K
Event: 37.233 GC heap after
Heap after GC invocations=11 (full 2):
 PSYoungGen      total 217600K, used 13284K [0x00000000e0000000, 0x00000000f4580000, 0x0000000100000000)
  eden space 204288K, 0% used [0x00000000e0000000,0x00000000e0000000,0x00000000ec780000)
  from space 13312K, 99% used [0x00000000ec780000,0x00000000ed479280,0x00000000ed480000)
  to   space 17920K, 0% used [0x00000000f3400000,0x00000000f3400000,0x00000000f4580000)
 ParOldGen       total 45568K, used 22612K [0x00000000a0000000, 0x00000000a2c80000, 0x00000000e0000000)
  object space 45568K, 49% used [0x00000000a0000000,0x00000000a16150e8,0x00000000a2c80000)
 Metaspace       used 50758K, capacity 52420K, committed 52736K, reserved 1095680K
  class space    used 6874K, capacity 7338K, committed 7424K, reserved 1048576K
}
Event: 54.277 GC heap before
{Heap before GC invocations=12 (full 2):
 PSYoungGen      total 217600K, used 217572K [0x00000000e0000000, 0x00000000f4580000, 0x0000000100000000)
  eden space 204288K, 100% used [0x00000000e0000000,0x00000000ec780000,0x00000000ec780000)
  from space 13312K, 99% used [0x00000000ec780000,0x00000000ed479280,0x00000000ed480000)
  to   space 17920K, 0% used [0x00000000f3400000,0x00000000f3400000,0x00000000f4580000)
 ParOldGen       total 45568K, used 22612K [0x00000000a0000000, 0x00000000a2c80000, 0x00000000e0000000)
  object space 45568K, 49% used [0x00000000a0000000,0x00000000a16150e8,0x00000000a2c80000)
 Metaspace       used 55457K, capacity 57640K, committed 57856K, reserved 1099776K
  class space    used 7601K, capacity 8147K, committed 8192K, reserved 1048576K
Event: 54.546 GC heap after
Heap after GC invocations=12 (full 2):
 PSYoungGen      total 307200K, used 17888K [0x00000000e0000000, 0x00000000f5080000, 0x0000000100000000)
  eden space 289280K, 0% used [0x00000000e0000000,0x00000000e0000000,0x00000000f1a80000)
  from space 17920K, 99% used [0x00000000f3400000,0x00000000f4578210,0x00000000f4580000)
  to   space 26112K, 0% used [0x00000000f1a80000,0x00000000f1a80000,0x00000000f3400000)
 ParOldGen       total 45568K, used 37955K [0x00000000a0000000, 0x00000000a2c80000, 0x00000000e0000000)
  object space 45568K, 83% used [0x00000000a0000000,0x00000000a2510eb8,0x00000000a2c80000)
 Metaspace       used 55457K, capacity 57640K, committed 57856K, reserved 1099776K
  class space    used 7601K, capacity 8147K, committed 8192K, reserved 1048576K
}
Event: 54.546 GC heap before
{Heap before GC invocations=13 (full 3):
 PSYoungGen      total 307200K, used 17888K [0x00000000e0000000, 0x00000000f5080000, 0x0000000100000000)
  eden space 289280K, 0% used [0x00000000e0000000,0x00000000e0000000,0x00000000f1a80000)
  from space 17920K, 99% used [0x00000000f3400000,0x00000000f4578210,0x00000000f4580000)
  to   space 26112K, 0% used [0x00000000f1a80000,0x00000000f1a80000,0x00000000f3400000)
 ParOldGen       total 45568K, used 37955K [0x00000000a0000000, 0x00000000a2c80000, 0x00000000e0000000)
  object space 45568K, 83% used [0x00000000a0000000,0x00000000a2510eb8,0x00000000a2c80000)
 Metaspace       used 55457K, capacity 57640K, committed 57856K, reserved 1099776K
  class space    used 7601K, capacity 8147K, committed 8192K, reserved 1048576K
Event: 56.309 GC heap after
Heap after GC invocations=13 (full 3):
 PSYoungGen      total 307200K, used 1500K [0x00000000e0000000, 0x00000000f5080000, 0x0000000100000000)
  eden space 289280K, 0% used [0x00000000e0000000,0x00000000e0000000,0x00000000f1a80000)
  from space 17920K, 8% used [0x00000000f3400000,0x00000000f35772d8,0x00000000f4580000)
  to   space 26112K, 0% used [0x00000000f1a80000,0x00000000f1a80000,0x00000000f3400000)
 ParOldGen       total 87040K, used 45533K [0x00000000a0000000, 0x00000000a5500000, 0x00000000e0000000)
  object space 87040K, 52% used [0x00000000a0000000,0x00000000a2c77590,0x00000000a5500000)
 Metaspace       used 55457K, capacity 57640K, committed 57856K, reserved 1099776K
  class space    used 7601K, capacity 8147K, committed 8192K, reserved 1048576K
}
Event: 91.941 GC heap before
{Heap before GC invocations=14 (full 3):
 PSYoungGen      total 307200K, used 290780K [0x00000000e0000000, 0x00000000f5080000, 0x0000000100000000)
  eden space 289280K, 100% used [0x00000000e0000000,0x00000000f1a80000,0x00000000f1a80000)
  from space 17920K, 8% used [0x00000000f3400000,0x00000000f35772d8,0x00000000f4580000)
  to   space 26112K, 0% used [0x00000000f1a80000,0x00000000f1a80000,0x00000000f3400000)
 ParOldGen       total 87040K, used 45533K [0x00000000a0000000, 0x00000000a5500000, 0x00000000e0000000)
  object space 87040K, 52% used [0x00000000a0000000,0x00000000a2c77590,0x00000000a5500000)
 Metaspace       used 63626K, capacity 66502K, committed 66560K, reserved 1105920K
  class space    used 8486K, capacity 9187K, committed 9216K, reserved 1048576K
Event: 92.060 GC heap after
Heap after GC invocations=14 (full 3):
 PSYoungGen      total 315392K, used 15235K [0x00000000e0000000, 0x00000000fb080000, 0x0000000100000000)
  eden space 289280K, 0% used [0x00000000e0000000,0x00000000e0000000,0x00000000f1a80000)
  from space 26112K, 58% used [0x00000000f1a80000,0x00000000f2960f38,0x00000000f3400000)
  to   space 26624K, 0% used [0x00000000f9680000,0x00000000f9680000,0x00000000fb080000)
 ParOldGen       total 87040K, used 47045K [0x00000000a0000000, 0x00000000a5500000, 0x00000000e0000000)
  object space 87040K, 54% used [0x00000000a0000000,0x00000000a2df1590,0x00000000a5500000)
 Metaspace       used 63626K, capacity 66502K, committed 66560K, reserved 1105920K
  class space    used 8486K, capacity 9187K, committed 9216K, reserved 1048576K
}

Deoptimization events (10 events):
Event: 1297.389 Thread 0x000000005b4b5000 Uncommon trap: reason=unstable_if action=reinterpret pc=0x0000000003e23ca0 method=java.io.ObjectStreamClass.writeNonProxy(Ljava/io/ObjectOutputStream;)V @ 77
Event: 1297.466 Thread 0x000000005b4b5000 Uncommon trap: reason=unstable_if action=reinterpret pc=0x0000000003ce98e0 method=java.io.WinNTFileSystem.prefixLength(Ljava/lang/String;)I @ 11
Event: 1297.514 Thread 0x00000000592fc800 Uncommon trap: reason=class_check action=maybe_recompile pc=0x0000000003536450 method=java.lang.AbstractStringBuilder.append(Ljava/lang/CharSequence;)Ljava/lang/AbstractStringBuilder; @ 26
Event: 1297.514 Thread 0x00000000592fc800 Uncommon trap: reason=class_check action=maybe_recompile pc=0x0000000002be3228 method=java.lang.AbstractStringBuilder.append(Ljava/lang/CharSequence;II)Ljava/lang/AbstractStringBuilder; @ 18
Event: 1297.514 Thread 0x00000000592fc800 Uncommon trap: reason=class_check action=maybe_recompile pc=0x0000000003536450 method=java.lang.AbstractStringBuilder.append(Ljava/lang/CharSequence;)Ljava/lang/AbstractStringBuilder; @ 26
Event: 1297.514 Thread 0x00000000592fc800 Uncommon trap: reason=class_check action=maybe_recompile pc=0x0000000002be3228 method=java.lang.AbstractStringBuilder.append(Ljava/lang/CharSequence;II)Ljava/lang/AbstractStringBuilder; @ 18
Event: 1297.743 Thread 0x00000000592fd000 Uncommon trap: reason=unstable_if action=reinterpret pc=0x00000000034d6e10 method=com.sun.org.apache.xerces.internal.impl.XMLEntityScanner.scanLiteral(ILcom/sun/org/apache/xerces/internal/xni/XMLString;Z)I @ 44
Event: 1297.744 Thread 0x00000000592fd000 Uncommon trap: reason=unstable_if action=reinterpret pc=0x0000000004318b84 method=com.sun.org.apache.xerces.internal.dom.CoreDocumentImpl.checkQName(Ljava/lang/String;Ljava/lang/String;)V @ 18
Event: 1297.744 Thread 0x00000000592fd000 Uncommon trap: reason=unstable_if action=reinterpret pc=0x0000000004319594 method=com.sun.org.apache.xerces.internal.dom.NamedNodeMapImpl.findNamePoint(Ljava/lang/String;Ljava/lang/String;)I @ 4
Event: 1297.744 Thread 0x00000000592fc800 Uncommon trap: reason=unstable_if action=reinterpret pc=0x0000000004319594 method=com.sun.org.apache.xerces.internal.dom.NamedNodeMapImpl.findNamePoint(Ljava/lang/String;Ljava/lang/String;)I @ 4

Classes redefined (0 events):
No events

Internal exceptions (10 events):
Event: 1297.396 Thread 0x000000005b4b5000 Exception <a 'java/lang/NoSuchMethodError': <clinit>> (0x00000000eabae7e0) thrown at [D:\src\AOSP-openjdk-cygwin\jdk8u\hotspot\src\share\vm\prims\jni.cpp, line 1613]
Event: 1297.398 Thread 0x000000005b4b5000 Exception <a 'java/lang/NoSuchMethodError': <clinit>> (0x00000000eabc6680) thrown at [D:\src\AOSP-openjdk-cygwin\jdk8u\hotspot\src\share\vm\prims\jni.cpp, line 1613]
Event: 1297.400 Thread 0x000000005b4b5000 Exception <a 'java/lang/NoSuchMethodError': <clinit>> (0x00000000eabe53e8) thrown at [D:\src\AOSP-openjdk-cygwin\jdk8u\hotspot\src\share\vm\prims\jni.cpp, line 1613]
Event: 1297.401 Thread 0x000000005b4b5000 Exception <a 'java/lang/NoSuchMethodError': <clinit>> (0x00000000eabe8648) thrown at [D:\src\AOSP-openjdk-cygwin\jdk8u\hotspot\src\share\vm\prims\jni.cpp, line 1613]
Event: 1297.408 Thread 0x000000005b4b5000 Exception <a 'java/lang/NoSuchMethodError': <clinit>> (0x00000000eabf8370) thrown at [D:\src\AOSP-openjdk-cygwin\jdk8u\hotspot\src\share\vm\prims\jni.cpp, line 1613]
Event: 1297.744 Thread 0x00000000592fd000 Implicit null exception at 0x000000000431920e to 0x0000000004319589
Event: 1297.744 Thread 0x00000000592fc800 Implicit null exception at 0x000000000431920e to 0x0000000004319589
Event: 1297.995 Thread 0x00000000592fd000 Exception <a 'java/io/FileNotFoundException'> (0x00000000ec2045b0) thrown at [D:\src\AOSP-openjdk-cygwin\jdk8u\hotspot\src\share\vm\prims\jni.cpp, line 709]
Event: 1298.054 Thread 0x00000000592fd000 Exception <a 'java/lang/ClassNotFoundException': sun/dc/DuctusRenderingEngine> (0x00000000ec215e48) thrown at [D:\src\AOSP-openjdk-cygwin\jdk8u\hotspot\src\share\vm\classfile\systemDictionary.cpp, line 210]
Event: 1298.175 Thread 0x00000000592fd000 Exception <a 'java/io/FileNotFoundException'> (0x00000000ec22a5f8) thrown at [D:\src\AOSP-openjdk-cygwin\jdk8u\hotspot\src\share\vm\prims\jni.cpp, line 709]

Events (10 events):
Event: 1298.537 loading class sun/java2d/pisces/PiscesRenderingEngine$2
Event: 1298.537 loading class sun/java2d/pisces/PiscesRenderingEngine$2 done
Event: 1298.537 loading class sun/java2d/pisces/TransformingPathConsumer2D
Event: 1298.537 Executing VM operation: RevokeBias
Event: 1298.537 Executing VM operation: RevokeBias done
Event: 1298.537 loading class sun/java2d/pisces/TransformingPathConsumer2D done
Event: 1298.538 loading class sun/java2d/pisces/Stroker
Event: 1298.539 loading class sun/java2d/pisces/Stroker done
Event: 1298.540 loading class sun/java2d/pisces/Stroker$PolyStack
Event: 1298.540 loading class sun/java2d/pisces/Stroker$PolyStack done


Dynamic libraries:
0x000000013f630000 - 0x000000013f661000 	C:\Program Files\Android\Android Studio\jre\bin\java.exe
0x0000000077460000 - 0x000000007760a000 	C:\Windows\SYSTEM32\ntdll.dll
0x0000000077240000 - 0x000000007735f000 	C:\Windows\system32\kernel32.dll
0x000007fefd3b0000 - 0x000007fefd41a000 	C:\Windows\system32\KERNELBASE.dll
0x000007fefdcc0000 - 0x000007fefdd9b000 	C:\Windows\system32\ADVAPI32.dll
0x000007feff220000 - 0x000007feff2bf000 	C:\Windows\system32\msvcrt.dll
0x000007fefd810000 - 0x000007fefd82f000 	C:\Windows\SYSTEM32\sechost.dll
0x000007fefd510000 - 0x000007fefd63d000 	C:\Windows\system32\RPCRT4.dll
0x0000000077360000 - 0x000000007745a000 	C:\Windows\system32\USER32.dll
0x000007fefe350000 - 0x000007fefe3b7000 	C:\Windows\system32\GDI32.dll
0x000007fefd7d0000 - 0x000007fefd7de000 	C:\Windows\system32\LPK.dll
0x000007fefe3c0000 - 0x000007fefe48b000 	C:\Windows\system32\USP10.dll
0x000007fefbd20000 - 0x000007fefbf14000 	C:\Windows\WinSxS\amd64_microsoft.windows.common-controls_6595b64144ccf1df_6.0.7601.18837_none_fa3b1e3d17594757\COMCTL32.dll
0x000007fefddf0000 - 0x000007fefde61000 	C:\Windows\system32\SHLWAPI.dll
0x000007fefd7e0000 - 0x000007fefd80e000 	C:\Windows\system32\IMM32.DLL
0x000007fefdb30000 - 0x000007fefdc39000 	C:\Windows\system32\MSCTF.dll
0x0000000062ce0000 - 0x0000000062db2000 	C:\Program Files\Android\Android Studio\jre\jre\bin\msvcr100.dll
0x000000005de40000 - 0x000000005e67e000 	C:\Program Files\Android\Android Studio\jre\jre\bin\server\jvm.dll
0x000007fefa770000 - 0x000007fefa779000 	C:\Windows\system32\WSOCK32.dll
0x000007fefdda0000 - 0x000007fefdded000 	C:\Windows\system32\WS2_32.dll
0x000007fefe140000 - 0x000007fefe148000 	C:\Windows\system32\NSI.dll
0x000007fefacf0000 - 0x000007fefad2b000 	C:\Windows\system32\WINMM.dll
0x000007fefc210000 - 0x000007fefc21c000 	C:\Windows\system32\VERSION.dll
0x0000000077620000 - 0x0000000077627000 	C:\Windows\system32\PSAPI.DLL
0x000007fefa760000 - 0x000007fefa76f000 	C:\Program Files\Android\Android Studio\jre\jre\bin\verify.dll
0x000007fef4de0000 - 0x000007fef4e09000 	C:\Program Files\Android\Android Studio\jre\jre\bin\java.dll
0x000007fef80a0000 - 0x000007fef80b6000 	C:\Program Files\Android\Android Studio\jre\jre\bin\zip.dll
0x000007fefe490000 - 0x000007feff21a000 	C:\Windows\system32\SHELL32.dll
0x000007fefe150000 - 0x000007fefe34c000 	C:\Windows\system32\ole32.dll
0x000007fefd160000 - 0x000007fefd16f000 	C:\Windows\system32\profapi.dll
0x000007fef5170000 - 0x000007fef518a000 	C:\Program Files\Android\Android Studio\jre\jre\bin\net.dll
0x000007fefc8e0000 - 0x000007fefc935000 	C:\Windows\system32\mswsock.dll
0x000007fefc8d0000 - 0x000007fefc8d7000 	C:\Windows\System32\wship6.dll
0x000007fef5150000 - 0x000007fef5161000 	C:\Program Files\Android\Android Studio\jre\jre\bin\nio.dll
0x000007fef54c0000 - 0x000007fef54de000 	C:\Users\Musaib\.gradle\native\25\windows-amd64\native-platform.dll
0x000007fefa6d0000 - 0x000007fefa6dd000 	C:\Program Files\Android\Android Studio\jre\jre\bin\management.dll
0x000007fefc940000 - 0x000007fefc958000 	C:\Windows\system32\CRYPTSP.dll
0x000007fefc640000 - 0x000007fefc687000 	C:\Windows\system32\rsaenh.dll
0x000007fefd360000 - 0x000007fefd37e000 	C:\Windows\system32\USERENV.dll
0x000007fefcff0000 - 0x000007fefcfff000 	C:\Windows\system32\CRYPTBASE.dll
0x000007fefa690000 - 0x000007fefa6b7000 	C:\Windows\system32\IPHLPAPI.DLL
0x000007fefa680000 - 0x000007fefa68b000 	C:\Windows\system32\WINNSI.DLL
0x000007fef9bb0000 - 0x000007fef9bc8000 	C:\Windows\system32\dhcpcsvc.DLL
0x000007fef9b90000 - 0x000007fef9ba1000 	C:\Windows\system32\dhcpcsvc6.DLL
0x000007fefcf90000 - 0x000007fefcfe7000 	C:\Windows\system32\apphelp.dll
0x000007fef5d20000 - 0x000007fef5eb5000 	C:\Program Files\Android\Android Studio\jre\jre\bin\awt.dll
0x000007feff690000 - 0x000007feff76a000 	C:\Windows\system32\OLEAUT32.dll
0x000007fef46b0000 - 0x000007fef4a74000 	C:\Windows\system32\d2d1.dll
0x000007fefb710000 - 0x000007fefb728000 	C:\Windows\system32\DWMAPI.DLL
0x000007fef8ed0000 - 0x000007fef8ff5000 	C:\Windows\system32\dbghelp.dll

VM Arguments:
jvm_args: -Xmx1536m -Dfile.encoding=windows-1252 -Duser.country=US -Duser.language=en -Duser.variant 
java_command: org.gradle.launcher.daemon.bootstrap.GradleDaemon 4.1
java_class_path (initial): C:\Users\Musaib\.gradle\wrapper\dists\gradle-4.1-all\bzyivzo6n839fup2jbap0tjew\gradle-4.1\lib\gradle-launcher-4.1.jar
Launcher Type: SUN_STANDARD

Environment Variables:
PATH=C:\Program Files (x86)\NVIDIA Corporation\PhysX\Common;C:\Windows\system32;C:\Windows;C:\Windows\System32\Wbem;C:\Windows\System32\WindowsPowerShell\v1.0\;C:\Program Files\Common Files\Autodesk Shared\;C:\Program Files (x86)\Autodesk\Backburner\;C:\Program Files (x86)\Microsoft SQL Server\100\Tools\Binn\;C:\Program Files\Microsoft SQL Server\100\Tools\Binn\;C:\Program Files\Microsoft SQL Server\100\DTS\Binn\;C:\Program Files\WinRAR;C:\Program Files\MySQL\MySQL Utilities 1.6\;C:\Program Files\MiKTeX 2.9\miktex\bin\x64\;C:\Users\Musaib\AppData\Local\Programs\Python\Python36\Scripts\;C:\Users\Musaib\AppData\Local\Programs\Python\Python36\;C:\Program Files\Java\jdk1.8.0_131\bin\;C:\Program Files\Java\jre1.8.0_131\bin\
USERNAME=Musaib
OS=Windows_NT
PROCESSOR_IDENTIFIER=Intel64 Family 6 Model 23 Stepping 10, GenuineIntel



---------------  S Y S T E M  ---------------

OS: Windows 7 , 64 bit Build 7601 (6.1.7601.23915)

CPU:total 2 (initial active 2) (2 cores per cpu, 1 threads per core) family 6 model 23 stepping 10, cmov, cx8, fxsr, mmx, sse, sse2, sse3, ssse3, sse4.1, tsc

Memory: 4k page, physical 4193592k(879680k free), swap 8385324k(2154504k free)

vm_info: OpenJDK 64-Bit Server VM (25.152-b01) for windows-amd64 JRE (1.8.0_152-release-915-b01), built by "builder" with MS VC++ 10.0 (VS2010)

time: Fri Mar 16 22:22:58 2018
elapsed time: 1298 seconds (0d 0h 21m 38s)

