#
# A fatal error has been detected by the Java Runtime Environment:
#
#  EXCEPTION_ACCESS_VIOLATION (0xc0000005) at pc=0xffffffffa37e5120, pid=4016, tid=0x0000000000001144
#
# JRE version: OpenJDK Runtime Environment (8.0_152-b01) (build 1.8.0_152-release-915-b01)
# Java VM: OpenJDK 64-Bit Server VM (25.152-b01 mixed mode windows-amd64 compressed oops)
# Problematic frame:
# C  0xffffffffa37e5120
#
# Failed to write core dump. Minidumps are not enabled by default on client versions of Windows
#
# If you would like to submit a bug report, please visit:
#   http://bugreport.java.com/bugreport/crash.jsp
#

---------------  T H R E A D  ---------------

Current thread (0x0000000058a99800):  JavaThread "Daemon worker" [_thread_in_Java, id=4420, stack(0x000000005a430000,0x000000005a530000)]

siginfo: ExceptionCode=0xc0000005, ExceptionInformation=0x0000000000000008 0xffffffffa37e5120

Registers:
RAX=0x000000005f926a00, RBX=0x000000005f926a00, RCX=0x000000005f930290, RDX=0x00000000e06ef488
RSP=0x000000005a52c968, RBP=0x000000005a52c9e0, RSI=0x0000000000001cb0, RDI=0x0000000000000616
R8 =0x000000000000045a, R9 =0x0000000000000050, R10=0x0000000073d4a660, R11=0x0000000002f047e0
R12=0x0000000000000000, R13=0x000000005a52c980, R14=0x000000005a52ca58, R15=0x0000000058a99800
RIP=0xffffffffa37e5120, EFLAGS=0x0000000000010202

Top of Stack: (sp=0x000000005a52c968)
0x000000005a52c968:   00000000027e8071 000000005a52c9e0
0x000000005a52c978:   00000000027e8071 0000000000000050
0x000000005a52c988:   000000000000045a 0000000000000050
0x000000005a52c998:   00000000e06ef488 000000005a52c9a0
0x000000005a52c9a8:   000000005f92d866 000000005a52ca58
0x000000005a52c9b8:   000000005f930290 0000000000000000
0x000000005a52c9c8:   000000005f92db38 000000005a52c980
0x000000005a52c9d8:   000000005a52ca38 000000005a52caa0
0x000000005a52c9e8:   00000000027e7ac0 0000000000000000
0x000000005a52c9f8:   0000000000000000 0000000000000050
0x000000005a52ca08:   0000000000000000 000000000000000c
0x000000005a52ca18:   0000000000000fc9 0000000000000000
0x000000005a52ca28:   000000000000045b 0000000000000000
0x000000005a52ca38:   0000000000000b6f 000000000000044a
0x000000005a52ca48:   00000000e06ef488 00000000a01937a0
0x000000005a52ca58:   00000000a1862788 000000005a52ca60 

Instructions: (pc=0xffffffffa37e5120)
0xffffffffa37e5100:   
[error occurred during error reporting (printing registers, top of stack, instructions near pc), id 0xc0000005]

Register to memory mapping:

RAX={method} {0x000000005f926a08} 'putByte' '([BJB)V' in 'com/google/protobuf/UnsafeUtil'
RBX={method} {0x000000005f926a08} 'putByte' '([BJB)V' in 'com/google/protobuf/UnsafeUtil'
RCX=0x000000005f930290 is pointing into metadata
RDX=0x00000000e06ef488 is an oop
[B 
 - klass: {type array byte}
 - length: 4025
RSP=0x000000005a52c968 is pointing into the stack for thread: 0x0000000058a99800
RBP=0x000000005a52c9e0 is pointing into the stack for thread: 0x0000000058a99800
RSI=0x0000000000001cb0 is an unknown value
RDI=0x0000000000000616 is an unknown value
R8 =0x000000000000045a is an unknown value
R9 =0x0000000000000050 is an unknown value
R10=0x0000000073d4a660 is an unknown value
R11=0x0000000002f047e0 is at entry_point+0 in (nmethod*)0x0000000002f04690
R12=0x0000000000000000 is an unknown value
R13=0x000000005a52c980 is pointing into the stack for thread: 0x0000000058a99800
R14=0x000000005a52ca58 is pointing into the stack for thread: 0x0000000058a99800
R15=0x0000000058a99800 is a thread


Stack: [0x000000005a430000,0x000000005a530000],  sp=0x000000005a52c968,  free space=1010k
Native frames: (J=compiled Java code, j=interpreted, Vv=VM code, C=native code)
C  0xffffffffa37e5120


---------------  P R O C E S S  ---------------

Java Threads: ( => current thread )
  0x000000005bd2a000 JavaThread "Memory manager" [_thread_blocked, id=5068, stack(0x000000005a830000,0x000000005a930000)]
  0x000000005b242800 JavaThread "pool-1-thread-1" [_thread_blocked, id=1004, stack(0x000000005e3c0000,0x000000005e4c0000)]
  0x000000005b241800 JavaThread "build operations Thread 2" [_thread_blocked, id=4360, stack(0x000000005dcc0000,0x000000005ddc0000)]
  0x000000005b241000 JavaThread "build operations" [_thread_blocked, id=2660, stack(0x000000005dac0000,0x000000005dbc0000)]
  0x000000005b240000 JavaThread "Cache worker for Artifact transforms cache (C:\Users\Musaib\.gradle\caches\transforms-1)" [_thread_blocked, id=4424, stack(0x0000000059930000,0x0000000059a30000)]
  0x0000000058c5b800 JavaThread "Cache worker for file hash cache (C:\Projects\Minted\.gradle\4.1\fileHashes)" [_thread_blocked, id=592, stack(0x000000005aca0000,0x000000005ada0000)]
  0x0000000058c40800 JavaThread "File lock request listener" [_thread_in_native, id=4032, stack(0x000000005a990000,0x000000005aa90000)]
  0x0000000058c97000 JavaThread "Cache worker for file hash cache (C:\Users\Musaib\.gradle\caches\4.1\fileHashes)" [_thread_blocked, id=4960, stack(0x000000005a710000,0x000000005a810000)]
  0x0000000058a98800 JavaThread "Stdin handler" [_thread_blocked, id=1408, stack(0x0000000058360000,0x0000000058460000)]
  0x0000000058a84800 JavaThread "Asynchronous log dispatcher for DefaultDaemonConnection: socket connection from /127.0.0.1:2103 to /127.0.0.1:2104" [_thread_blocked, id=3396, stack(0x000000005a530000,0x000000005a630000)]
=>0x0000000058a99800 JavaThread "Daemon worker" [_thread_in_Java, id=4420, stack(0x000000005a430000,0x000000005a530000)]
  0x0000000058a75800 JavaThread "Cancel handler" [_thread_blocked, id=4588, stack(0x000000005a240000,0x000000005a340000)]
  0x0000000058a3d000 JavaThread "Handler for socket connection from /127.0.0.1:2103 to /127.0.0.1:2104" [_thread_in_native, id=352, stack(0x0000000059ed0000,0x0000000059fd0000)]
  0x0000000058c1f000 JavaThread "Daemon" [_thread_blocked, id=1940, stack(0x0000000059d10000,0x0000000059e10000)]
  0x0000000058a4a800 JavaThread "Daemon periodic checks" [_thread_blocked, id=4152, stack(0x0000000059b30000,0x0000000059c30000)]
  0x000000005895d800 JavaThread "Incoming local TCP Connector on port 2103" [_thread_in_native, id=652, stack(0x0000000059a30000,0x0000000059b30000)]
  0x00000000560dd800 JavaThread "Service Thread" daemon [_thread_blocked, id=4676, stack(0x0000000057890000,0x0000000057990000)]
  0x0000000056080000 JavaThread "C1 CompilerThread1" daemon [_thread_blocked, id=4124, stack(0x0000000057350000,0x0000000057450000)]
  0x0000000056078800 JavaThread "C2 CompilerThread0" daemon [_thread_blocked, id=3528, stack(0x0000000057150000,0x0000000057250000)]
  0x0000000056076800 JavaThread "Attach Listener" daemon [_thread_blocked, id=2508, stack(0x00000000569c0000,0x0000000056ac0000)]
  0x0000000056075800 JavaThread "Signal Dispatcher" daemon [_thread_blocked, id=4188, stack(0x0000000056f60000,0x0000000057060000)]
  0x000000005605e000 JavaThread "Finalizer" daemon [_thread_blocked, id=2164, stack(0x0000000056e10000,0x0000000056f10000)]
  0x0000000056015000 JavaThread "Reference Handler" daemon [_thread_blocked, id=2712, stack(0x0000000056c70000,0x0000000056d70000)]
  0x00000000004ce800 JavaThread "main" [_thread_blocked, id=3604, stack(0x0000000002410000,0x0000000002510000)]

Other Threads:
  0x000000005600d000 VMThread [stack: 0x0000000056b20000,0x0000000056c20000] [id=744]
  0x00000000560de800 WatcherThread [stack: 0x0000000057a40000,0x0000000057b40000] [id=280]

VM state:not at safepoint (normal execution)

VM Mutex/Monitor currently owned by a thread: None

Heap:
 PSYoungGen      total 195584K, used 9499K [0x00000000e0000000, 0x00000000efd00000, 0x0000000100000000)
  eden space 176128K, 5% used [0x00000000e0000000,0x00000000e0946f78,0x00000000eac00000)
  from space 19456K, 0% used [0x00000000eac00000,0x00000000eac00000,0x00000000ebf00000)
  to   space 21504K, 0% used [0x00000000ee800000,0x00000000ee800000,0x00000000efd00000)
 ParOldGen       total 89088K, used 31317K [0x00000000a0000000, 0x00000000a5700000, 0x00000000e0000000)
  object space 89088K, 35% used [0x00000000a0000000,0x00000000a1e95670,0x00000000a5700000)
 Metaspace       used 57803K, capacity 59768K, committed 60120K, reserved 1101824K
  class space    used 7633K, capacity 8085K, committed 8192K, reserved 1048576K

Card table byte_map: [0x0000000011ba0000,0x0000000011eb0000] byte_map_base: 0x00000000116a0000

Marking Bits: (ParMarkBitMap*) 0x0000000073d63950
 Begin Bits: [0x00000000123e0000, 0x0000000013be0000)
 End Bits:   [0x0000000013be0000, 0x00000000153e0000)

Polling page: 0x0000000000230000

CodeCache: size=245760Kb used=20069Kb max_used=20069Kb free=225690Kb
 bounds [0x00000000027e0000, 0x0000000003b90000, 0x00000000117e0000]
 total_blobs=7502 nmethods=6718 adapters=697
 compilation: enabled

Compilation events (10 events):
Event: 23.193 Thread 0x0000000056080000 nmethod 7693 0x0000000003b6f850 code [0x0000000003b6fa80, 0x0000000003b706e8]
Event: 23.264 Thread 0x0000000056080000 7695       3       com.google.protobuf.CodedOutputStream::computeMessageSize (10 bytes)
Event: 23.264 Thread 0x0000000056080000 nmethod 7695 0x0000000003b6ec90 code [0x0000000003b6ee40, 0x0000000003b6f228]
Event: 23.264 Thread 0x0000000056080000 7696       3       com.google.protobuf.CodedOutputStream::computeMessageSizeNoTag (10 bytes)
Event: 23.264 Thread 0x0000000056080000 nmethod 7696 0x0000000003b88950 code [0x0000000003b88ac0, 0x0000000003b88d38]
Event: 23.265 Thread 0x0000000056080000 7697       3       com.google.protobuf.CodedOutputStream$ArrayEncoder::spaceLeft (10 bytes)
Event: 23.265 Thread 0x0000000056080000 nmethod 7697 0x0000000003b88610 code [0x0000000003b88760, 0x0000000003b888b0]
Event: 23.265 Thread 0x0000000056080000 7698       1       com.google.protobuf.UnsafeUtil::putByte (10 bytes)
Event: 23.265 Thread 0x0000000056080000 nmethod 7698 0x0000000003b62d50 code [0x0000000003b62ea0, 0x0000000003b62f90]
Event: 23.265 Thread 0x0000000056080000 7699   !   3       com.google.protobuf.CodedOutputStream$ArrayEncoder::writeUInt32NoTag (201 bytes)

GC Heap History (10 events):
Event: 7.922 GC heap before
{Heap before GC invocations=10 (full 2):
 PSYoungGen      total 152576K, used 8923K [0x00000000e0000000, 0x00000000edd80000, 0x0000000100000000)
  eden space 141312K, 0% used [0x00000000e0000000,0x00000000e0000000,0x00000000e8a00000)
  from space 11264K, 79% used [0x00000000e9580000,0x00000000e9e36cb0,0x00000000ea080000)
  to   space 11776K, 0% used [0x00000000e8a00000,0x00000000e8a00000,0x00000000e9580000)
 ParOldGen       total 45056K, used 13837K [0x00000000a0000000, 0x00000000a2c00000, 0x00000000e0000000)
  object space 45056K, 30% used [0x00000000a0000000,0x00000000a0d83680,0x00000000a2c00000)
 Metaspace       used 34674K, capacity 35220K, committed 35416K, reserved 1079296K
  class space    used 4689K, capacity 4910K, committed 4992K, reserved 1048576K
Event: 8.169 GC heap after
Heap after GC invocations=10 (full 2):
 PSYoungGen      total 152576K, used 0K [0x00000000e0000000, 0x00000000edd80000, 0x0000000100000000)
  eden space 141312K, 0% used [0x00000000e0000000,0x00000000e0000000,0x00000000e8a00000)
  from space 11264K, 0% used [0x00000000e9580000,0x00000000e9580000,0x00000000ea080000)
  to   space 11776K, 0% used [0x00000000e8a00000,0x00000000e8a00000,0x00000000e9580000)
 ParOldGen       total 57856K, used 15194K [0x00000000a0000000, 0x00000000a3880000, 0x00000000e0000000)
  object space 57856K, 26% used [0x00000000a0000000,0x00000000a0ed6b98,0x00000000a3880000)
 Metaspace       used 34674K, capacity 35220K, committed 35416K, reserved 1079296K
  class space    used 4689K, capacity 4910K, committed 4992K, reserved 1048576K
}
Event: 10.535 GC heap before
{Heap before GC invocations=11 (full 2):
 PSYoungGen      total 152576K, used 141312K [0x00000000e0000000, 0x00000000edd80000, 0x0000000100000000)
  eden space 141312K, 100% used [0x00000000e0000000,0x00000000e8a00000,0x00000000e8a00000)
  from space 11264K, 0% used [0x00000000e9580000,0x00000000e9580000,0x00000000ea080000)
  to   space 11776K, 0% used [0x00000000e8a00000,0x00000000e8a00000,0x00000000e9580000)
 ParOldGen       total 57856K, used 15194K [0x00000000a0000000, 0x00000000a3880000, 0x00000000e0000000)
  object space 57856K, 26% used [0x00000000a0000000,0x00000000a0ed6b98,0x00000000a3880000)
 Metaspace       used 45843K, capacity 46692K, committed 46936K, reserved 1089536K
  class space    used 6119K, capacity 6425K, committed 6528K, reserved 1048576K
Event: 10.580 GC heap after
Heap after GC invocations=11 (full 2):
 PSYoungGen      total 153088K, used 11775K [0x00000000e0000000, 0x00000000ecd00000, 0x0000000100000000)
  eden space 141312K, 0% used [0x00000000e0000000,0x00000000e0000000,0x00000000e8a00000)
  from space 11776K, 99% used [0x00000000e8a00000,0x00000000e957fe88,0x00000000e9580000)
  to   space 14336K, 0% used [0x00000000ebf00000,0x00000000ebf00000,0x00000000ecd00000)
 ParOldGen       total 57856K, used 17938K [0x00000000a0000000, 0x00000000a3880000, 0x00000000e0000000)
  object space 57856K, 31% used [0x00000000a0000000,0x00000000a1184850,0x00000000a3880000)
 Metaspace       used 45843K, capacity 46692K, committed 46936K, reserved 1089536K
  class space    used 6119K, capacity 6425K, committed 6528K, reserved 1048576K
}
Event: 15.392 GC heap before
{Heap before GC invocations=12 (full 2):
 PSYoungGen      total 153088K, used 153087K [0x00000000e0000000, 0x00000000ecd00000, 0x0000000100000000)
  eden space 141312K, 100% used [0x00000000e0000000,0x00000000e8a00000,0x00000000e8a00000)
  from space 11776K, 99% used [0x00000000e8a00000,0x00000000e957fe88,0x00000000e9580000)
  to   space 14336K, 0% used [0x00000000ebf00000,0x00000000ebf00000,0x00000000ecd00000)
 ParOldGen       total 57856K, used 17938K [0x00000000a0000000, 0x00000000a3880000, 0x00000000e0000000)
  object space 57856K, 31% used [0x00000000a0000000,0x00000000a1184850,0x00000000a3880000)
 Metaspace       used 53958K, capacity 55578K, committed 55768K, reserved 1097728K
  class space    used 7265K, capacity 7670K, committed 7680K, reserved 1048576K
Event: 15.456 GC heap after
Heap after GC invocations=12 (full 2):
 PSYoungGen      total 190464K, used 14333K [0x00000000e0000000, 0x00000000ed380000, 0x0000000100000000)
  eden space 176128K, 0% used [0x00000000e0000000,0x00000000e0000000,0x00000000eac00000)
  from space 14336K, 99% used [0x00000000ebf00000,0x00000000eccff4e0,0x00000000ecd00000)
  to   space 19456K, 0% used [0x00000000eac00000,0x00000000eac00000,0x00000000ebf00000)
 ParOldGen       total 57856K, used 25380K [0x00000000a0000000, 0x00000000a3880000, 0x00000000e0000000)
  object space 57856K, 43% used [0x00000000a0000000,0x00000000a18c9300,0x00000000a3880000)
 Metaspace       used 53958K, capacity 55578K, committed 55768K, reserved 1097728K
  class space    used 7265K, capacity 7670K, committed 7680K, reserved 1048576K
}
Event: 22.796 GC heap before
{Heap before GC invocations=13 (full 2):
 PSYoungGen      total 190464K, used 61810K [0x00000000e0000000, 0x00000000ed380000, 0x0000000100000000)
  eden space 176128K, 26% used [0x00000000e0000000,0x00000000e2e5d458,0x00000000eac00000)
  from space 14336K, 99% used [0x00000000ebf00000,0x00000000eccff4e0,0x00000000ecd00000)
  to   space 19456K, 0% used [0x00000000eac00000,0x00000000eac00000,0x00000000ebf00000)
 ParOldGen       total 57856K, used 25380K [0x00000000a0000000, 0x00000000a3880000, 0x00000000e0000000)
  object space 57856K, 43% used [0x00000000a0000000,0x00000000a18c9300,0x00000000a3880000)
 Metaspace       used 56948K, capacity 58904K, committed 58968K, reserved 1099776K
  class space    used 7577K, capacity 8053K, committed 8064K, reserved 1048576K
Event: 22.845 GC heap after
Heap after GC invocations=13 (full 2):
 PSYoungGen      total 195584K, used 17676K [0x00000000e0000000, 0x00000000efd00000, 0x0000000100000000)
  eden space 176128K, 0% used [0x00000000e0000000,0x00000000e0000000,0x00000000eac00000)
  from space 19456K, 90% used [0x00000000eac00000,0x00000000ebd432c0,0x00000000ebf00000)
  to   space 21504K, 0% used [0x00000000ee800000,0x00000000ee800000,0x00000000efd00000)
 ParOldGen       total 57856K, used 25388K [0x00000000a0000000, 0x00000000a3880000, 0x00000000e0000000)
  object space 57856K, 43% used [0x00000000a0000000,0x00000000a18cb300,0x00000000a3880000)
 Metaspace       used 56948K, capacity 58904K, committed 58968K, reserved 1099776K
  class space    used 7577K, capacity 8053K, committed 8064K, reserved 1048576K
}
Event: 22.845 GC heap before
{Heap before GC invocations=14 (full 3):
 PSYoungGen      total 195584K, used 17676K [0x00000000e0000000, 0x00000000efd00000, 0x0000000100000000)
  eden space 176128K, 0% used [0x00000000e0000000,0x00000000e0000000,0x00000000eac00000)
  from space 19456K, 90% used [0x00000000eac00000,0x00000000ebd432c0,0x00000000ebf00000)
  to   space 21504K, 0% used [0x00000000ee800000,0x00000000ee800000,0x00000000efd00000)
 ParOldGen       total 57856K, used 25388K [0x00000000a0000000, 0x00000000a3880000, 0x00000000e0000000)
  object space 57856K, 43% used [0x00000000a0000000,0x00000000a18cb300,0x00000000a3880000)
 Metaspace       used 56948K, capacity 58904K, committed 58968K, reserved 1099776K
  class space    used 7577K, capacity 8053K, committed 8064K, reserved 1048576K
Event: 23.190 GC heap after
Heap after GC invocations=14 (full 3):
 PSYoungGen      total 195584K, used 0K [0x00000000e0000000, 0x00000000efd00000, 0x0000000100000000)
  eden space 176128K, 0% used [0x00000000e0000000,0x00000000e0000000,0x00000000eac00000)
  from space 19456K, 0% used [0x00000000eac00000,0x00000000eac00000,0x00000000ebf00000)
  to   space 21504K, 0% used [0x00000000ee800000,0x00000000ee800000,0x00000000efd00000)
 ParOldGen       total 89088K, used 31317K [0x00000000a0000000, 0x00000000a5700000, 0x00000000e0000000)
  object space 89088K, 35% used [0x00000000a0000000,0x00000000a1e95670,0x00000000a5700000)
 Metaspace       used 56948K, capacity 58904K, committed 58968K, reserved 1099776K
  class space    used 7577K, capacity 8053K, committed 8064K, reserved 1048576K
}

Deoptimization events (10 events):
Event: 22.227 Thread 0x0000000058a99800 Uncommon trap: reason=class_check action=maybe_recompile pc=0x0000000002f11a2c method=java.lang.Throwable.<init>(Ljava/lang/String;Ljava/lang/Throwable;)V @ 24
Event: 22.263 Thread 0x0000000058a99800 Uncommon trap: reason=class_check action=maybe_recompile pc=0x0000000002bec02c method=org.gradle.internal.logging.text.AbstractLineChoppingStyledTextOutput$StateContext.flushLineText()V @ 110
Event: 22.263 Thread 0x0000000058a99800 Uncommon trap: reason=class_check action=maybe_recompile pc=0x0000000002bec02c method=org.gradle.internal.logging.text.AbstractLineChoppingStyledTextOutput$StateContext.flushLineText()V @ 110
Event: 22.263 Thread 0x0000000058a99800 Uncommon trap: reason=class_check action=maybe_recompile pc=0x0000000002bec02c method=org.gradle.internal.logging.text.AbstractLineChoppingStyledTextOutput$StateContext.flushLineText()V @ 110
Event: 22.263 Thread 0x0000000058a99800 Uncommon trap: reason=class_check action=maybe_recompile pc=0x0000000002bec02c method=org.gradle.internal.logging.text.AbstractLineChoppingStyledTextOutput$StateContext.flushLineText()V @ 110
Event: 22.283 Thread 0x0000000058a99800 Uncommon trap: reason=unstable_if action=reinterpret pc=0x0000000002aaa494 method=java.io.ObjectOutputStream$HandleTable.assign(Ljava/lang/Object;)I @ 24
Event: 22.415 Thread 0x000000005bd2b800 Uncommon trap: reason=class_check action=maybe_recompile pc=0x00000000028f76ec method=java.util.concurrent.locks.ReentrantLock.lock()V @ 4
Event: 22.418 Thread 0x000000005bd2c800 Uncommon trap: reason=class_check action=maybe_recompile pc=0x00000000028f76ec method=java.util.concurrent.locks.ReentrantLock.lock()V @ 4
Event: 22.749 Thread 0x0000000058a99800 Uncommon trap: reason=unstable_if action=reinterpret pc=0x0000000002fcc4b0 method=java.nio.Buffer.limit(I)Ljava/nio/Buffer; @ 33
Event: 23.193 Thread 0x0000000056015000 Uncommon trap: reason=unstable_if action=reinterpret pc=0x0000000002f17534 method=java.lang.ref.Reference.tryHandlePending(Z)Z @ 20

Classes redefined (0 events):
No events

Internal exceptions (10 events):
Event: 22.199 Thread 0x0000000058a99800 Exception <a 'java/lang/NoSuchMethodError': <clinit>> (0x00000000e1d0d6d0) thrown at [D:\src\AOSP-openjdk-cygwin\jdk8u\hotspot\src\share\vm\prims\jni.cpp, line 1613]
Event: 22.202 Thread 0x0000000058a99800 Exception <a 'java/lang/NoSuchMethodError': <clinit>> (0x00000000e1d28e28) thrown at [D:\src\AOSP-openjdk-cygwin\jdk8u\hotspot\src\share\vm\prims\jni.cpp, line 1613]
Event: 22.226 Thread 0x0000000058a99800 Exception <a 'sun/nio/fs/WindowsException'> (0x00000000e1d349b0) thrown at [D:\src\AOSP-openjdk-cygwin\jdk8u\hotspot\src\share\vm\prims\jni.cpp, line 709]
Event: 22.227 Thread 0x0000000058a99800 Exception <a 'sun/nio/fs/WindowsException'> (0x00000000e1d35d10) thrown at [D:\src\AOSP-openjdk-cygwin\jdk8u\hotspot\src\share\vm\prims\jni.cpp, line 709]
Event: 22.227 Thread 0x0000000058a99800 Exception <a 'sun/nio/fs/WindowsException'> (0x00000000e1d37070) thrown at [D:\src\AOSP-openjdk-cygwin\jdk8u\hotspot\src\share\vm\prims\jni.cpp, line 709]
Event: 22.227 Thread 0x0000000058a99800 Exception <a 'sun/nio/fs/WindowsException'> (0x00000000e1d383d0) thrown at [D:\src\AOSP-openjdk-cygwin\jdk8u\hotspot\src\share\vm\prims\jni.cpp, line 709]
Event: 22.227 Thread 0x0000000058a99800 Exception <a 'sun/nio/fs/WindowsException'> (0x00000000e1d39730) thrown at [D:\src\AOSP-openjdk-cygwin\jdk8u\hotspot\src\share\vm\prims\jni.cpp, line 709]
Event: 22.227 Thread 0x0000000058a99800 Exception <a 'sun/nio/fs/WindowsException'> (0x00000000e1d3afa0) thrown at [D:\src\AOSP-openjdk-cygwin\jdk8u\hotspot\src\share\vm\prims\jni.cpp, line 709]
Event: 22.232 Thread 0x0000000058a99800 Exception <a 'java/lang/NoSuchMethodError': <clinit>> (0x00000000e1df5d50) thrown at [D:\src\AOSP-openjdk-cygwin\jdk8u\hotspot\src\share\vm\prims\jni.cpp, line 1613]
Event: 22.438 Thread 0x0000000058a99800 Exception <a 'sun/nio/fs/WindowsException'> (0x00000000e21f3268) thrown at [D:\src\AOSP-openjdk-cygwin\jdk8u\hotspot\src\share\vm\prims\jni.cpp, line 709]

Events (10 events):
Event: 23.257 loading class com/google/wireless/android/play/playlog/proto/ClientAnalytics$AppUsage1pLogEvent
Event: 23.257 loading class com/google/wireless/android/play/playlog/proto/ClientAnalytics$AppUsage1pLogEvent done
Event: 23.258 loading class com/google/wireless/android/play/playlog/proto/ClientAnalytics$ActiveExperiments
Event: 23.258 loading class com/google/wireless/android/play/playlog/proto/ClientAnalytics$ActiveExperiments done
Event: 23.260 loading class com/google/wireless/android/play/playlog/proto/ClientAnalytics$ExperimentIds
Event: 23.260 loading class com/google/wireless/android/play/playlog/proto/ClientAnalytics$ExperimentIds done
Event: 23.261 loading class com/google/wireless/android/play/playlog/proto/ClientAnalytics$NetworkConnectionInfo
Event: 23.261 loading class com/google/wireless/android/play/playlog/proto/ClientAnalytics$NetworkConnectionInfo done
Event: 23.264 loading class com/google/protobuf/ByteString$CodedBuilder
Event: 23.264 loading class com/google/protobuf/ByteString$CodedBuilder done


Dynamic libraries:
0x000000013f3a0000 - 0x000000013f3d1000 	C:\Program Files\Android\Android Studio\jre\bin\java.exe
0x00000000773c0000 - 0x000000007756a000 	C:\Windows\SYSTEM32\ntdll.dll
0x00000000771a0000 - 0x00000000772bf000 	C:\Windows\system32\kernel32.dll
0x000007fefd260000 - 0x000007fefd2ca000 	C:\Windows\system32\KERNELBASE.dll
0x000007fefd5f0000 - 0x000007fefd6cb000 	C:\Windows\system32\ADVAPI32.dll
0x000007fefe8e0000 - 0x000007fefe97f000 	C:\Windows\system32\msvcrt.dll
0x000007feff340000 - 0x000007feff35f000 	C:\Windows\SYSTEM32\sechost.dll
0x000007fefeb70000 - 0x000007fefec9d000 	C:\Windows\system32\RPCRT4.dll
0x00000000772c0000 - 0x00000000773ba000 	C:\Windows\system32\USER32.dll
0x000007fefeca0000 - 0x000007fefed07000 	C:\Windows\system32\GDI32.dll
0x000007fefe980000 - 0x000007fefe98e000 	C:\Windows\system32\LPK.dll
0x000007fefeaa0000 - 0x000007fefeb6b000 	C:\Windows\system32\USP10.dll
0x000007fefbc80000 - 0x000007fefbe74000 	C:\Windows\WinSxS\amd64_microsoft.windows.common-controls_6595b64144ccf1df_6.0.7601.18837_none_fa3b1e3d17594757\COMCTL32.dll
0x000007feff240000 - 0x000007feff2b1000 	C:\Windows\system32\SHLWAPI.dll
0x000007fefd470000 - 0x000007fefd49e000 	C:\Windows\system32\IMM32.DLL
0x000007fefe990000 - 0x000007fefea99000 	C:\Windows\system32\MSCTF.dll
0x000000006a7c0000 - 0x000000006a892000 	C:\Program Files\Android\Android Studio\jre\jre\bin\msvcr100.dll
0x00000000735a0000 - 0x0000000073dde000 	C:\Program Files\Android\Android Studio\jre\jre\bin\server\jvm.dll
0x000007fefbc70000 - 0x000007fefbc79000 	C:\Windows\system32\WSOCK32.dll
0x000007fefd5a0000 - 0x000007fefd5ed000 	C:\Windows\system32\WS2_32.dll
0x000007fefd8b0000 - 0x000007fefd8b8000 	C:\Windows\system32\NSI.dll
0x000007fefac70000 - 0x000007fefacab000 	C:\Windows\system32\WINMM.dll
0x000007fefc170000 - 0x000007fefc17c000 	C:\Windows\system32\VERSION.dll
0x0000000077580000 - 0x0000000077587000 	C:\Windows\system32\PSAPI.DLL
0x000007fefb220000 - 0x000007fefb22f000 	C:\Program Files\Android\Android Studio\jre\jre\bin\verify.dll
0x000007fefaff0000 - 0x000007fefb019000 	C:\Program Files\Android\Android Studio\jre\jre\bin\java.dll
0x000007fefa630000 - 0x000007fefa646000 	C:\Program Files\Android\Android Studio\jre\jre\bin\zip.dll
0x000007fefd8c0000 - 0x000007fefe64a000 	C:\Windows\system32\SHELL32.dll
0x000007feff040000 - 0x000007feff23c000 	C:\Windows\system32\ole32.dll
0x000007fefd0c0000 - 0x000007fefd0cf000 	C:\Windows\system32\profapi.dll
0x000007fef7ef0000 - 0x000007fef7f0a000 	C:\Program Files\Android\Android Studio\jre\jre\bin\net.dll
0x000007fefc880000 - 0x000007fefc8d5000 	C:\Windows\system32\mswsock.dll
0x000007fefc870000 - 0x000007fefc877000 	C:\Windows\System32\wship6.dll
0x000007fef7ed0000 - 0x000007fef7ee1000 	C:\Program Files\Android\Android Studio\jre\jre\bin\nio.dll
0x000007fef7070000 - 0x000007fef708e000 	C:\Users\Musaib\.gradle\native\25\windows-amd64\native-platform.dll
0x000007fef7f90000 - 0x000007fef7f9d000 	C:\Program Files\Android\Android Studio\jre\jre\bin\management.dll
0x000007fefc8e0000 - 0x000007fefc8f8000 	C:\Windows\system32\CRYPTSP.dll
0x000007fefc5a0000 - 0x000007fefc5e7000 	C:\Windows\system32\rsaenh.dll
0x000007fefd450000 - 0x000007fefd46e000 	C:\Windows\system32\USERENV.dll
0x000007fefcf50000 - 0x000007fefcf5f000 	C:\Windows\system32\CRYPTBASE.dll
0x000007fefa070000 - 0x000007fefa097000 	C:\Windows\system32\IPHLPAPI.DLL
0x000007fefa060000 - 0x000007fefa06b000 	C:\Windows\system32\WINNSI.DLL
0x000007fef99f0000 - 0x000007fef9a08000 	C:\Windows\system32\dhcpcsvc.DLL
0x000007fef99d0000 - 0x000007fef99e1000 	C:\Windows\system32\dhcpcsvc6.DLL
0x000007fefcef0000 - 0x000007fefcf47000 	C:\Windows\system32\apphelp.dll
0x000007fef8ee0000 - 0x000007fef9005000 	C:\Windows\system32\dbghelp.dll

VM Arguments:
jvm_args: -Xmx1536m -Dfile.encoding=windows-1252 -Duser.country=US -Duser.language=en -Duser.variant 
java_command: org.gradle.launcher.daemon.bootstrap.GradleDaemon 4.1
java_class_path (initial): C:\Users\Musaib\.gradle\wrapper\dists\gradle-4.1-all\bzyivzo6n839fup2jbap0tjew\gradle-4.1\lib\gradle-launcher-4.1.jar
Launcher Type: SUN_STANDARD

Environment Variables:
PATH=C:\Program Files (x86)\NVIDIA Corporation\PhysX\Common;C:\Windows\system32;C:\Windows;C:\Windows\System32\Wbem;C:\Windows\System32\WindowsPowerShell\v1.0\;C:\Program Files\Common Files\Autodesk Shared\;C:\Program Files (x86)\Autodesk\Backburner\;C:\Program Files (x86)\Microsoft SQL Server\100\Tools\Binn\;C:\Program Files\Microsoft SQL Server\100\Tools\Binn\;C:\Program Files\Microsoft SQL Server\100\DTS\Binn\;C:\Program Files\WinRAR;C:\Program Files\MySQL\MySQL Utilities 1.6\;C:\Program Files\MiKTeX 2.9\miktex\bin\x64\;C:\Users\Musaib\AppData\Local\Programs\Python\Python36\Scripts\;C:\Users\Musaib\AppData\Local\Programs\Python\Python36\;C:\Program Files\Java\jdk1.8.0_131\bin\;C:\Program Files\Java\jre1.8.0_131\bin\
USERNAME=Musaib
OS=Windows_NT
PROCESSOR_IDENTIFIER=Intel64 Family 6 Model 23 Stepping 10, GenuineIntel



---------------  S Y S T E M  ---------------

OS: Windows 7 , 64 bit Build 7601 (6.1.7601.23915)

CPU:total 2 (initial active 2) (2 cores per cpu, 1 threads per core) family 6 model 23 stepping 10, cmov, cx8, fxsr, mmx, sse, sse2, sse3, ssse3, sse4.1, tsc

Memory: 4k page, physical 4193592k(1189688k free), swap 8385324k(5114432k free)

vm_info: OpenJDK 64-Bit Server VM (25.152-b01) for windows-amd64 JRE (1.8.0_152-release-915-b01), built by "builder" with MS VC++ 10.0 (VS2010)

time: Sat Mar 17 19:10:57 2018
elapsed time: 23 seconds (0d 0h 0m 23s)

