#
# A fatal error has been detected by the Java Runtime Environment:
#
#  EXCEPTION_ACCESS_VIOLATION (0xc0000005) at pc=0xffffffffa3945120, pid=11112, tid=0x0000000000001a38
#
# JRE version: OpenJDK Runtime Environment (8.0_152-b01) (build 1.8.0_152-release-915-b01)
# Java VM: OpenJDK 64-Bit Server VM (25.152-b01 mixed mode windows-amd64 compressed oops)
# Problematic frame:
# C  0xffffffffa3945120
#
# Failed to write core dump. Minidumps are not enabled by default on client versions of Windows
#
# If you would like to submit a bug report, please visit:
#   http://bugreport.java.com/bugreport/crash.jsp
#

---------------  T H R E A D  ---------------

Current thread (0x0000000058845000):  JavaThread "Daemon worker" [_thread_in_Java, id=6712, stack(0x000000005a220000,0x000000005a320000)]

siginfo: ExceptionCode=0xc0000005, ExceptionInformation=0x0000000000000008 0xffffffffa3945120

Registers:
RAX=0x0000000015784f98, RBX=0x00000000e1316178, RCX=0x0000000000000e8d, RDX=0x00000000e1316178
RSP=0x000000005a31b468, RBP=0x0000000000004002, RSI=0x00000000e1316370, RDI=0x00000000e130dff0
R8 =0x00000000e1316370, R9 =0x0000000000000e8d, R10=0x0000000015784f98, R11=0x0000000000000e8d
R12=0x0000000000000000, R13=0x0000000015784f98, R14=0x00000000e130dff0, R15=0x0000000058845000
RIP=0xffffffffa3945120, EFLAGS=0x0000000000010246

Top of Stack: (sp=0x000000005a31b468)
0x000000005a31b468:   0000000003085f9c 00000000e1316428
0x000000005a31b478:   000000005f4354d8 000000005f4354d8
0x000000005a31b488:   0000000000000000 000000005a31b500
0x000000005a31b498:   0000000000004002 0000000003139d54
0x000000005a31b4a8:   00000000000000f8 0000000000000000
0x000000005a31b4b8:   00000000e13161d8 00000e8d00000e8d
0x000000005a31b4c8:   00000000e130dff0 00000000e1316370
0x000000005a31b4d8:   00000e8e00000000 00000000000000fa
0x000000005a31b4e8:   00000000e1316370 0000000000004002
0x000000005a31b4f8:   0000000003139d54 000000005a31b600
0x000000005a31b508:   000000005deddb07 000000005f141e60
0x000000005a31b518:   0000000058845000 00000000e1316340
0x000000005a31b528:   e130dff000000e8e 00000000e1316370
0x000000005a31b538:   0000000000004001 00000000e130dff0
0x000000005a31b548:   0000000058845000 000000005f141e60
0x000000005a31b558:   0000000058845000 000000005f141e60 

Instructions: (pc=0xffffffffa3945120)
0xffffffffa3945100:   
[error occurred during error reporting (printing registers, top of stack, instructions near pc), id 0xc0000005]

Register to memory mapping:

RAX=0x0000000015784f98 is pointing into metadata
RBX=0x00000000e1316178 is an oop
java.util.regex.Pattern$GroupHead 
 - klass: 'java/util/regex/Pattern$GroupHead'
RCX=0x0000000000000e8d is an unknown value
RDX=0x00000000e1316178 is an oop
java.util.regex.Pattern$GroupHead 
 - klass: 'java/util/regex/Pattern$GroupHead'
RSP=0x000000005a31b468 is pointing into the stack for thread: 0x0000000058845000
RBP=0x0000000000004002 is an unknown value
RSI=0x00000000e1316370 is an oop
java.util.regex.Matcher 
 - klass: 'java/util/regex/Matcher'
RDI=0x00000000e130dff0 is an oop
java.lang.String 
 - klass: 'java/lang/String'
R8 =0x00000000e1316370 is an oop
java.util.regex.Matcher 
 - klass: 'java/util/regex/Matcher'
R9 =0x0000000000000e8d is an unknown value
R10=0x0000000015784f98 is pointing into metadata
R11=0x0000000000000e8d is an unknown value
R12=0x0000000000000000 is an unknown value
R13=0x0000000015784f98 is pointing into metadata
R14=0x00000000e130dff0 is an oop
java.lang.String 
 - klass: 'java/lang/String'
R15=0x0000000058845000 is a thread


Stack: [0x000000005a220000,0x000000005a320000],  sp=0x000000005a31b468,  free space=1005k
Native frames: (J=compiled Java code, j=interpreted, Vv=VM code, C=native code)
C  0xffffffffa3945120


---------------  P R O C E S S  ---------------

Java Threads: ( => current thread )
  0x000000005ae21000 JavaThread "Memory manager" [_thread_blocked, id=11172, stack(0x000000005a8f0000,0x000000005a9f0000)]
  0x000000005ae20800 JavaThread "pool-1-thread-1" [_thread_blocked, id=10716, stack(0x000000005eab0000,0x000000005ebb0000)]
  0x000000005ae1f800 JavaThread "build operations Thread 2" [_thread_blocked, id=9924, stack(0x000000005dd00000,0x000000005de00000)]
  0x000000005ae1f000 JavaThread "build operations" [_thread_blocked, id=10560, stack(0x000000005dbe0000,0x000000005dce0000)]
  0x000000005ae1e000 JavaThread "Cache worker for Artifact transforms cache (C:\Users\Musaib\.gradle\caches\transforms-1)" [_thread_blocked, id=9820, stack(0x000000005d680000,0x000000005d780000)]
  0x0000000058973000 JavaThread "Cache worker for file hash cache (C:\Projects\Minted\.gradle\4.1\fileHashes)" [_thread_blocked, id=8580, stack(0x000000005aa60000,0x000000005ab60000)]
  0x0000000058970000 JavaThread "File lock request listener" [_thread_in_native, id=11224, stack(0x000000005a4d0000,0x000000005a5d0000)]
  0x0000000058be9000 JavaThread "Cache worker for file hash cache (C:\Users\Musaib\.gradle\caches\4.1\fileHashes)" [_thread_blocked, id=11144, stack(0x000000005a5f0000,0x000000005a6f0000)]
  0x000000005886d800 JavaThread "Stdin handler" [_thread_blocked, id=7588, stack(0x0000000056f70000,0x0000000057070000)]
  0x0000000058858800 JavaThread "Asynchronous log dispatcher for DefaultDaemonConnection: socket connection from /127.0.0.1:15234 to /127.0.0.1:15237" [_thread_blocked, id=11176, stack(0x000000005a3a0000,0x000000005a4a0000)]
=>0x0000000058845000 JavaThread "Daemon worker" [_thread_in_Java, id=6712, stack(0x000000005a220000,0x000000005a320000)]
  0x0000000058844800 JavaThread "Cancel handler" [_thread_blocked, id=3748, stack(0x000000005a030000,0x000000005a130000)]
  0x000000005882e000 JavaThread "Handler for socket connection from /127.0.0.1:15234 to /127.0.0.1:15237" [_thread_in_native, id=2984, stack(0x0000000059cc0000,0x0000000059dc0000)]
  0x000000005882d000 JavaThread "Daemon" [_thread_blocked, id=3160, stack(0x0000000059bb0000,0x0000000059cb0000)]
  0x0000000058817800 JavaThread "Daemon periodic checks" [_thread_blocked, id=5808, stack(0x0000000059aa0000,0x0000000059ba0000)]
  0x0000000057866000 JavaThread "Incoming local TCP Connector on port 15234" [_thread_in_native, id=3636, stack(0x0000000059880000,0x0000000059980000)]
  0x0000000056139800 JavaThread "Service Thread" daemon [_thread_blocked, id=5748, stack(0x00000000579a0000,0x0000000057aa0000)]
  0x00000000560dd000 JavaThread "C1 CompilerThread1" daemon [_thread_blocked, id=4024, stack(0x0000000056d60000,0x0000000056e60000)]
  0x00000000560d8000 JavaThread "C2 CompilerThread0" daemon [_thread_blocked, id=5164, stack(0x0000000057370000,0x0000000057470000)]
  0x00000000560d7000 JavaThread "Attach Listener" daemon [_thread_blocked, id=4160, stack(0x00000000571f0000,0x00000000572f0000)]
  0x00000000560d5800 JavaThread "Signal Dispatcher" daemon [_thread_blocked, id=10588, stack(0x00000000570c0000,0x00000000571c0000)]
  0x00000000560be000 JavaThread "Finalizer" daemon [_thread_blocked, id=9536, stack(0x0000000056e60000,0x0000000056f60000)]
  0x0000000056075000 JavaThread "Reference Handler" daemon [_thread_blocked, id=9892, stack(0x0000000056c40000,0x0000000056d40000)]
  0x000000000225e800 JavaThread "main" [_thread_blocked, id=7688, stack(0x0000000002570000,0x0000000002670000)]

Other Threads:
  0x000000005606d000 VMThread [stack: 0x0000000056a60000,0x0000000056b60000] [id=6936]
  0x000000005613a000 WatcherThread [stack: 0x0000000057b60000,0x0000000057c60000] [id=3900]

VM state:not at safepoint (normal execution)

VM Mutex/Monitor currently owned by a thread: None

Heap:
 PSYoungGen      total 150016K, used 32161K [0x00000000e0000000, 0x00000000ea500000, 0x0000000100000000)
  eden space 138240K, 14% used [0x00000000e0000000,0x00000000e13ea798,0x00000000e8700000)
  from space 11776K, 99% used [0x00000000e9980000,0x00000000ea4fdd70,0x00000000ea500000)
  to   space 13312K, 0% used [0x00000000e8b00000,0x00000000e8b00000,0x00000000e9800000)
 ParOldGen       total 54272K, used 15639K [0x00000000a0000000, 0x00000000a3500000, 0x00000000e0000000)
  object space 54272K, 28% used [0x00000000a0000000,0x00000000a0f45f38,0x00000000a3500000)
 Metaspace       used 45755K, capacity 46724K, committed 46936K, reserved 1089536K
  class space    used 6153K, capacity 6497K, committed 6528K, reserved 1048576K

Card table byte_map: [0x0000000011d00000,0x0000000012010000] byte_map_base: 0x0000000011800000

Marking Bits: (ParMarkBitMap*) 0x000000005e603950
 Begin Bits: [0x0000000012440000, 0x0000000013c40000)
 End Bits:   [0x0000000013c40000, 0x0000000015440000)

Polling page: 0x0000000000330000

CodeCache: size=245760Kb used=13924Kb max_used=14288Kb free=231835Kb
 bounds [0x0000000002940000, 0x0000000003750000, 0x0000000011940000]
 total_blobs=5089 nmethods=4350 adapters=652
 compilation: enabled

Compilation events (10 events):
Event: 41.155 Thread 0x00000000560d8000 nmethod 4756 0x0000000002bdc150 code [0x0000000002bdc2a0, 0x0000000002bdc358]
Event: 41.155 Thread 0x00000000560d8000 4757       4       java.util.regex.Pattern$GroupHead::match (47 bytes)
Event: 41.155 Thread 0x00000000560dd000 4761       3       java.util.regex.Pattern$4::match (14 bytes)
Event: 41.155 Thread 0x00000000560dd000 nmethod 4761 0x00000000030e30d0 code [0x00000000030e3220, 0x00000000030e33d0]
Event: 41.155 Thread 0x00000000560dd000 4762       3       java.lang.AbstractStringBuilder::append (54 bytes)
Event: 41.156 Thread 0x00000000560dd000 nmethod 4762 0x0000000002dc6290 code [0x0000000002dc6460, 0x0000000002dc6d48]
Event: 41.156 Thread 0x00000000560dd000 4763       3       java.util.regex.Pattern$Curly::match (86 bytes)
Event: 41.157 Thread 0x00000000560dd000 nmethod 4763 0x0000000002f8f810 code [0x0000000002f8f9c0, 0x0000000002f8ffb8]
Event: 41.157 Thread 0x00000000560d8000 nmethod 4757 0x0000000002a66cd0 code [0x0000000002a66e20, 0x0000000002a66f38]
Event: 41.157 Thread 0x00000000560d8000 4760       4       java.lang.StringBuilder::length (5 bytes)

GC Heap History (10 events):
Event: 25.954 GC heap before
{Heap before GC invocations=8 (full 1):
 PSYoungGen      total 72192K, used 64512K [0x00000000e0000000, 0x00000000e5100000, 0x0000000100000000)
  eden space 64512K, 100% used [0x00000000e0000000,0x00000000e3f00000,0x00000000e3f00000)
  from space 7680K, 0% used [0x00000000e4780000,0x00000000e4780000,0x00000000e4f00000)
  to   space 8704K, 0% used [0x00000000e3f00000,0x00000000e3f00000,0x00000000e4780000)
 ParOldGen       total 37888K, used 10293K [0x00000000a0000000, 0x00000000a2500000, 0x00000000e0000000)
  object space 37888K, 27% used [0x00000000a0000000,0x00000000a0a0d400,0x00000000a2500000)
 Metaspace       used 25762K, capacity 26338K, committed 26496K, reserved 1073152K
  class space    used 3530K, capacity 3698K, committed 3712K, reserved 1048576K
Event: 26.053 GC heap after
Heap after GC invocations=8 (full 1):
 PSYoungGen      total 73216K, used 7197K [0x00000000e0000000, 0x00000000e7b80000, 0x0000000100000000)
  eden space 64512K, 0% used [0x00000000e0000000,0x00000000e0000000,0x00000000e3f00000)
  from space 8704K, 82% used [0x00000000e3f00000,0x00000000e4607528,0x00000000e4780000)
  to   space 9728K, 0% used [0x00000000e7200000,0x00000000e7200000,0x00000000e7b80000)
 ParOldGen       total 37888K, used 10301K [0x00000000a0000000, 0x00000000a2500000, 0x00000000e0000000)
  object space 37888K, 27% used [0x00000000a0000000,0x00000000a0a0f400,0x00000000a2500000)
 Metaspace       used 25762K, capacity 26338K, committed 26496K, reserved 1073152K
  class space    used 3530K, capacity 3698K, committed 3712K, reserved 1048576K
}
Event: 30.806 GC heap before
{Heap before GC invocations=9 (full 1):
 PSYoungGen      total 73216K, used 71709K [0x00000000e0000000, 0x00000000e7b80000, 0x0000000100000000)
  eden space 64512K, 100% used [0x00000000e0000000,0x00000000e3f00000,0x00000000e3f00000)
  from space 8704K, 82% used [0x00000000e3f00000,0x00000000e4607528,0x00000000e4780000)
  to   space 9728K, 0% used [0x00000000e7200000,0x00000000e7200000,0x00000000e7b80000)
 ParOldGen       total 37888K, used 10301K [0x00000000a0000000, 0x00000000a2500000, 0x00000000e0000000)
  object space 37888K, 27% used [0x00000000a0000000,0x00000000a0a0f400,0x00000000a2500000)
 Metaspace       used 30104K, capacity 30700K, committed 30976K, reserved 1075200K
  class space    used 4121K, capacity 4319K, committed 4352K, reserved 1048576K
Event: 30.842 GC heap after
Heap after GC invocations=9 (full 1):
 PSYoungGen      total 112640K, used 7958K [0x00000000e0000000, 0x00000000e7a00000, 0x0000000100000000)
  eden space 104448K, 0% used [0x00000000e0000000,0x00000000e0000000,0x00000000e6600000)
  from space 8192K, 97% used [0x00000000e7200000,0x00000000e79c5ac8,0x00000000e7a00000)
  to   space 10240K, 0% used [0x00000000e6600000,0x00000000e6600000,0x00000000e7000000)
 ParOldGen       total 37888K, used 10309K [0x00000000a0000000, 0x00000000a2500000, 0x00000000e0000000)
  object space 37888K, 27% used [0x00000000a0000000,0x00000000a0a11400,0x00000000a2500000)
 Metaspace       used 30104K, capacity 30700K, committed 30976K, reserved 1075200K
  class space    used 4121K, capacity 4319K, committed 4352K, reserved 1048576K
}
Event: 35.824 GC heap before
{Heap before GC invocations=10 (full 1):
 PSYoungGen      total 112640K, used 65983K [0x00000000e0000000, 0x00000000e7a00000, 0x0000000100000000)
  eden space 104448K, 55% used [0x00000000e0000000,0x00000000e38aa208,0x00000000e6600000)
  from space 8192K, 97% used [0x00000000e7200000,0x00000000e79c5ac8,0x00000000e7a00000)
  to   space 10240K, 0% used [0x00000000e6600000,0x00000000e6600000,0x00000000e7000000)
 ParOldGen       total 37888K, used 10309K [0x00000000a0000000, 0x00000000a2500000, 0x00000000e0000000)
  object space 37888K, 27% used [0x00000000a0000000,0x00000000a0a11400,0x00000000a2500000)
 Metaspace       used 34486K, capacity 35222K, committed 35416K, reserved 1079296K
  class space    used 4690K, capacity 4961K, committed 4992K, reserved 1048576K
Event: 35.954 GC heap after
Heap after GC invocations=10 (full 1):
 PSYoungGen      total 114688K, used 9764K [0x00000000e0000000, 0x00000000ea500000, 0x0000000100000000)
  eden space 104448K, 0% used [0x00000000e0000000,0x00000000e0000000,0x00000000e6600000)
  from space 10240K, 95% used [0x00000000e6600000,0x00000000e6f890a0,0x00000000e7000000)
  to   space 11776K, 0% used [0x00000000e9980000,0x00000000e9980000,0x00000000ea500000)
 ParOldGen       total 37888K, used 10317K [0x00000000a0000000, 0x00000000a2500000, 0x00000000e0000000)
  object space 37888K, 27% used [0x00000000a0000000,0x00000000a0a13400,0x00000000a2500000)
 Metaspace       used 34486K, capacity 35222K, committed 35416K, reserved 1079296K
  class space    used 4690K, capacity 4961K, committed 4992K, reserved 1048576K
}
Event: 35.954 GC heap before
{Heap before GC invocations=11 (full 2):
 PSYoungGen      total 114688K, used 9764K [0x00000000e0000000, 0x00000000ea500000, 0x0000000100000000)
  eden space 104448K, 0% used [0x00000000e0000000,0x00000000e0000000,0x00000000e6600000)
  from space 10240K, 95% used [0x00000000e6600000,0x00000000e6f890a0,0x00000000e7000000)
  to   space 11776K, 0% used [0x00000000e9980000,0x00000000e9980000,0x00000000ea500000)
 ParOldGen       total 37888K, used 10317K [0x00000000a0000000, 0x00000000a2500000, 0x00000000e0000000)
  object space 37888K, 27% used [0x00000000a0000000,0x00000000a0a13400,0x00000000a2500000)
 Metaspace       used 34486K, capacity 35222K, committed 35416K, reserved 1079296K
  class space    used 4690K, capacity 4961K, committed 4992K, reserved 1048576K
Event: 36.328 GC heap after
Heap after GC invocations=11 (full 2):
 PSYoungGen      total 114688K, used 0K [0x00000000e0000000, 0x00000000ea500000, 0x0000000100000000)
  eden space 104448K, 0% used [0x00000000e0000000,0x00000000e0000000,0x00000000e6600000)
  from space 10240K, 0% used [0x00000000e6600000,0x00000000e6600000,0x00000000e7000000)
  to   space 11776K, 0% used [0x00000000e9980000,0x00000000e9980000,0x00000000ea500000)
 ParOldGen       total 54272K, used 15639K [0x00000000a0000000, 0x00000000a3500000, 0x00000000e0000000)
  object space 54272K, 28% used [0x00000000a0000000,0x00000000a0f45f38,0x00000000a3500000)
 Metaspace       used 34486K, capacity 35222K, committed 35416K, reserved 1079296K
  class space    used 4690K, capacity 4961K, committed 4992K, reserved 1048576K
}
Event: 39.579 GC heap before
{Heap before GC invocations=12 (full 2):
 PSYoungGen      total 114688K, used 104448K [0x00000000e0000000, 0x00000000ea500000, 0x0000000100000000)
  eden space 104448K, 100% used [0x00000000e0000000,0x00000000e6600000,0x00000000e6600000)
  from space 10240K, 0% used [0x00000000e6600000,0x00000000e6600000,0x00000000e7000000)
  to   space 11776K, 0% used [0x00000000e9980000,0x00000000e9980000,0x00000000ea500000)
 ParOldGen       total 54272K, used 15639K [0x00000000a0000000, 0x00000000a3500000, 0x00000000e0000000)
  object space 54272K, 28% used [0x00000000a0000000,0x00000000a0f45f38,0x00000000a3500000)
 Metaspace       used 41253K, capacity 42116K, committed 42456K, reserved 1085440K
  class space    used 5509K, capacity 5795K, committed 5888K, reserved 1048576K
Event: 39.687 GC heap after
Heap after GC invocations=12 (full 2):
 PSYoungGen      total 150016K, used 11767K [0x00000000e0000000, 0x00000000ea500000, 0x0000000100000000)
  eden space 138240K, 0% used [0x00000000e0000000,0x00000000e0000000,0x00000000e8700000)
  from space 11776K, 99% used [0x00000000e9980000,0x00000000ea4fdd70,0x00000000ea500000)
  to   space 13312K, 0% used [0x00000000e8b00000,0x00000000e8b00000,0x00000000e9800000)
 ParOldGen       total 54272K, used 15639K [0x00000000a0000000, 0x00000000a3500000, 0x00000000e0000000)
  object space 54272K, 28% used [0x00000000a0000000,0x00000000a0f45f38,0x00000000a3500000)
 Metaspace       used 41253K, capacity 42116K, committed 42456K, reserved 1085440K
  class space    used 5509K, capacity 5795K, committed 5888K, reserved 1048576K
}

Deoptimization events (10 events):
Event: 40.352 Thread 0x0000000058845000 Uncommon trap: reason=class_check action=maybe_recompile pc=0x00000000036b5410 method=java.util.HashMap.removeNode(ILjava/lang/Object;Ljava/lang/Object;ZZ)Ljava/util/HashMap$Node; @ 143
Event: 40.358 Thread 0x0000000058845000 Uncommon trap: reason=bimorphic action=maybe_recompile pc=0x0000000003551aac method=java.util.AbstractList$Itr.next()Ljava/lang/Object; @ 14
Event: 40.510 Thread 0x0000000058845000 Uncommon trap: reason=class_check action=maybe_recompile pc=0x0000000002dfe74c method=java.io.DataInputStream.readUnsignedShort()I @ 4
Event: 40.510 Thread 0x0000000058845000 Uncommon trap: reason=class_check action=maybe_recompile pc=0x0000000002dfe74c method=java.io.DataInputStream.readUnsignedShort()I @ 4
Event: 40.510 Thread 0x0000000058845000 Uncommon trap: reason=class_check action=maybe_recompile pc=0x0000000002dfe74c method=java.io.DataInputStream.readUnsignedShort()I @ 4
Event: 40.510 Thread 0x0000000058845000 Uncommon trap: reason=class_check action=maybe_recompile pc=0x0000000002dfe74c method=java.io.DataInputStream.readUnsignedShort()I @ 4
Event: 40.944 Thread 0x0000000058845000 Uncommon trap: reason=class_check action=maybe_recompile pc=0x000000000335fc00 method=com.sun.org.apache.xerces.internal.impl.XMLDocumentFragmentScannerImpl$FragmentContentDriver.next()I @ 2223
Event: 40.946 Thread 0x0000000058845000 Uncommon trap: reason=class_check action=maybe_recompile pc=0x000000000335fbf4 method=com.sun.org.apache.xerces.internal.impl.XMLDocumentFragmentScannerImpl$FragmentContentDriver.next()I @ 439
Event: 40.947 Thread 0x0000000058845000 Uncommon trap: reason=class_check action=maybe_recompile pc=0x000000000335fbf4 method=com.sun.org.apache.xerces.internal.impl.XMLDocumentFragmentScannerImpl$FragmentContentDriver.next()I @ 439
Event: 40.947 Thread 0x0000000058845000 Uncommon trap: reason=class_check action=maybe_recompile pc=0x000000000335fbf4 method=com.sun.org.apache.xerces.internal.impl.XMLDocumentFragmentScannerImpl$FragmentContentDriver.next()I @ 439

Classes redefined (0 events):
No events

Internal exceptions (10 events):
Event: 40.073 Thread 0x0000000058845000 Exception <a 'sun/nio/fs/WindowsException'> (0x00000000e0c17ee0) thrown at [D:\src\AOSP-openjdk-cygwin\jdk8u\hotspot\src\share\vm\prims\jni.cpp, line 709]
Event: 40.073 Thread 0x0000000058845000 Exception <a 'sun/nio/fs/WindowsException'> (0x00000000e0c18a60) thrown at [D:\src\AOSP-openjdk-cygwin\jdk8u\hotspot\src\share\vm\prims\jni.cpp, line 709]
Event: 40.074 Thread 0x0000000058845000 Exception <a 'sun/nio/fs/WindowsException'> (0x00000000e0c1a628) thrown at [D:\src\AOSP-openjdk-cygwin\jdk8u\hotspot\src\share\vm\prims\jni.cpp, line 709]
Event: 40.074 Thread 0x0000000058845000 Exception <a 'sun/nio/fs/WindowsException'> (0x00000000e0c1b1e0) thrown at [D:\src\AOSP-openjdk-cygwin\jdk8u\hotspot\src\share\vm\prims\jni.cpp, line 709]
Event: 40.075 Thread 0x0000000058845000 Exception <a 'sun/nio/fs/WindowsException'> (0x00000000e0c1f288) thrown at [D:\src\AOSP-openjdk-cygwin\jdk8u\hotspot\src\share\vm\prims\jni.cpp, line 709]
Event: 40.075 Thread 0x0000000058845000 Exception <a 'sun/nio/fs/WindowsException'> (0x00000000e0c1fdc8) thrown at [D:\src\AOSP-openjdk-cygwin\jdk8u\hotspot\src\share\vm\prims\jni.cpp, line 709]
Event: 40.076 Thread 0x0000000058845000 Exception <a 'sun/nio/fs/WindowsException'> (0x00000000e0c21940) thrown at [D:\src\AOSP-openjdk-cygwin\jdk8u\hotspot\src\share\vm\prims\jni.cpp, line 709]
Event: 40.076 Thread 0x0000000058845000 Exception <a 'sun/nio/fs/WindowsException'> (0x00000000e0c224c0) thrown at [D:\src\AOSP-openjdk-cygwin\jdk8u\hotspot\src\share\vm\prims\jni.cpp, line 709]
Event: 40.120 Thread 0x0000000058845000 Exception <a 'java/lang/ClassNotFoundException': com/sun/org/glassfish/hk2/osgiresourcelocator/ServiceLoader> (0x00000000e0c7a040) thrown at [D:\src\AOSP-openjdk-cygwin\jdk8u\hotspot\src\share\vm\classfile\systemDictionary.cpp, line 210]
Event: 40.181 Thread 0x0000000058845000 Exception <a 'java/lang/NullPointerException'> (0x00000000e0cb6980) thrown at [D:\src\AOSP-openjdk-cygwin\jdk8u\hotspot\src\share\vm\interpreter\linkResolver.cpp, line 1282]

Events (10 events):
Event: 41.149 loading class com/sun/org/apache/xerces/internal/impl/xs/AttributePSVImpl
Event: 41.149 loading class com/sun/org/apache/xerces/internal/xs/AttributePSVI
Event: 41.149 loading class com/sun/org/apache/xerces/internal/xs/AttributePSVI done
Event: 41.149 loading class com/sun/org/apache/xerces/internal/impl/xs/AttributePSVImpl done
Event: 41.150 loading class java/util/regex/Pattern$Behind
Event: 41.150 loading class java/util/regex/Pattern$Behind done
Event: 41.150 loading class java/util/regex/Pattern$NotBehind
Event: 41.150 loading class java/util/regex/Pattern$NotBehind done
Event: 41.150 loading class java/util/regex/Pattern$Neg
Event: 41.150 loading class java/util/regex/Pattern$Neg done


Dynamic libraries:
0x000000013f630000 - 0x000000013f661000 	C:\Program Files\Android\Android Studio\jre\bin\java.exe
0x0000000077460000 - 0x000000007760a000 	C:\Windows\SYSTEM32\ntdll.dll
0x0000000077240000 - 0x000000007735f000 	C:\Windows\system32\kernel32.dll
0x000007fefd3b0000 - 0x000007fefd41a000 	C:\Windows\system32\KERNELBASE.dll
0x000007fefdcc0000 - 0x000007fefdd9b000 	C:\Windows\system32\ADVAPI32.dll
0x000007feff220000 - 0x000007feff2bf000 	C:\Windows\system32\msvcrt.dll
0x000007fefd810000 - 0x000007fefd82f000 	C:\Windows\SYSTEM32\sechost.dll
0x000007fefd510000 - 0x000007fefd63d000 	C:\Windows\system32\RPCRT4.dll
0x0000000077360000 - 0x000000007745a000 	C:\Windows\system32\USER32.dll
0x000007fefe350000 - 0x000007fefe3b7000 	C:\Windows\system32\GDI32.dll
0x000007fefd7d0000 - 0x000007fefd7de000 	C:\Windows\system32\LPK.dll
0x000007fefe3c0000 - 0x000007fefe48b000 	C:\Windows\system32\USP10.dll
0x000007fefbd20000 - 0x000007fefbf14000 	C:\Windows\WinSxS\amd64_microsoft.windows.common-controls_6595b64144ccf1df_6.0.7601.18837_none_fa3b1e3d17594757\COMCTL32.dll
0x000007fefddf0000 - 0x000007fefde61000 	C:\Windows\system32\SHLWAPI.dll
0x000007fefd7e0000 - 0x000007fefd80e000 	C:\Windows\system32\IMM32.DLL
0x000007fefdb30000 - 0x000007fefdc39000 	C:\Windows\system32\MSCTF.dll
0x0000000062ce0000 - 0x0000000062db2000 	C:\Program Files\Android\Android Studio\jre\jre\bin\msvcr100.dll
0x000000005de40000 - 0x000000005e67e000 	C:\Program Files\Android\Android Studio\jre\jre\bin\server\jvm.dll
0x000007fefa770000 - 0x000007fefa779000 	C:\Windows\system32\WSOCK32.dll
0x000007fefdda0000 - 0x000007fefdded000 	C:\Windows\system32\WS2_32.dll
0x000007fefe140000 - 0x000007fefe148000 	C:\Windows\system32\NSI.dll
0x000007fefacf0000 - 0x000007fefad2b000 	C:\Windows\system32\WINMM.dll
0x000007fefc210000 - 0x000007fefc21c000 	C:\Windows\system32\VERSION.dll
0x0000000077620000 - 0x0000000077627000 	C:\Windows\system32\PSAPI.DLL
0x000007fefa760000 - 0x000007fefa76f000 	C:\Program Files\Android\Android Studio\jre\jre\bin\verify.dll
0x000007fef4de0000 - 0x000007fef4e09000 	C:\Program Files\Android\Android Studio\jre\jre\bin\java.dll
0x000007fef80a0000 - 0x000007fef80b6000 	C:\Program Files\Android\Android Studio\jre\jre\bin\zip.dll
0x000007fefe490000 - 0x000007feff21a000 	C:\Windows\system32\SHELL32.dll
0x000007fefe150000 - 0x000007fefe34c000 	C:\Windows\system32\ole32.dll
0x000007fefd160000 - 0x000007fefd16f000 	C:\Windows\system32\profapi.dll
0x000007fef5170000 - 0x000007fef518a000 	C:\Program Files\Android\Android Studio\jre\jre\bin\net.dll
0x000007fefc8e0000 - 0x000007fefc935000 	C:\Windows\system32\mswsock.dll
0x000007fefc8d0000 - 0x000007fefc8d7000 	C:\Windows\System32\wship6.dll
0x000007fef5150000 - 0x000007fef5161000 	C:\Program Files\Android\Android Studio\jre\jre\bin\nio.dll
0x000007fef54c0000 - 0x000007fef54de000 	C:\Users\Musaib\.gradle\native\25\windows-amd64\native-platform.dll
0x000007fefa6d0000 - 0x000007fefa6dd000 	C:\Program Files\Android\Android Studio\jre\jre\bin\management.dll
0x000007fefc940000 - 0x000007fefc958000 	C:\Windows\system32\CRYPTSP.dll
0x000007fefc640000 - 0x000007fefc687000 	C:\Windows\system32\rsaenh.dll
0x000007fefd360000 - 0x000007fefd37e000 	C:\Windows\system32\USERENV.dll
0x000007fefcff0000 - 0x000007fefcfff000 	C:\Windows\system32\CRYPTBASE.dll
0x000007fefa690000 - 0x000007fefa6b7000 	C:\Windows\system32\IPHLPAPI.DLL
0x000007fefa680000 - 0x000007fefa68b000 	C:\Windows\system32\WINNSI.DLL
0x000007fef9bb0000 - 0x000007fef9bc8000 	C:\Windows\system32\dhcpcsvc.DLL
0x000007fef9b90000 - 0x000007fef9ba1000 	C:\Windows\system32\dhcpcsvc6.DLL
0x000007fef8ed0000 - 0x000007fef8ff5000 	C:\Windows\system32\dbghelp.dll

VM Arguments:
jvm_args: -Xmx1536m -Dfile.encoding=windows-1252 -Duser.country=US -Duser.language=en -Duser.variant 
java_command: org.gradle.launcher.daemon.bootstrap.GradleDaemon 4.1
java_class_path (initial): C:\Users\Musaib\.gradle\wrapper\dists\gradle-4.1-all\bzyivzo6n839fup2jbap0tjew\gradle-4.1\lib\gradle-launcher-4.1.jar
Launcher Type: SUN_STANDARD

Environment Variables:
PATH=C:\Program Files (x86)\NVIDIA Corporation\PhysX\Common;C:\Windows\system32;C:\Windows;C:\Windows\System32\Wbem;C:\Windows\System32\WindowsPowerShell\v1.0\;C:\Program Files\Common Files\Autodesk Shared\;C:\Program Files (x86)\Autodesk\Backburner\;C:\Program Files (x86)\Microsoft SQL Server\100\Tools\Binn\;C:\Program Files\Microsoft SQL Server\100\Tools\Binn\;C:\Program Files\Microsoft SQL Server\100\DTS\Binn\;C:\Program Files\WinRAR;C:\Program Files\MySQL\MySQL Utilities 1.6\;C:\Program Files\MiKTeX 2.9\miktex\bin\x64\;C:\Users\Musaib\AppData\Local\Programs\Python\Python36\Scripts\;C:\Users\Musaib\AppData\Local\Programs\Python\Python36\;C:\Program Files\Java\jdk1.8.0_131\bin\;C:\Program Files\Java\jre1.8.0_131\bin\
USERNAME=Musaib
OS=Windows_NT
PROCESSOR_IDENTIFIER=Intel64 Family 6 Model 23 Stepping 10, GenuineIntel



---------------  S Y S T E M  ---------------

OS: Windows 7 , 64 bit Build 7601 (6.1.7601.23915)

CPU:total 2 (initial active 2) (2 cores per cpu, 1 threads per core) family 6 model 23 stepping 10, cmov, cx8, fxsr, mmx, sse, sse2, sse3, ssse3, sse4.1, tsc

Memory: 4k page, physical 4193592k(1077264k free), swap 8385324k(2456132k free)

vm_info: OpenJDK 64-Bit Server VM (25.152-b01) for windows-amd64 JRE (1.8.0_152-release-915-b01), built by "builder" with MS VC++ 10.0 (VS2010)

time: Fri Mar 16 22:29:03 2018
elapsed time: 41 seconds (0d 0h 0m 41s)

